gyp info it worked if it ends with ok
gyp info using node-gyp@5.1.0
gyp info using node@12.22.1 | linux | x64
gyp info find Python using Python version 3.8.10 found at "/usr/bin/python3"
gyp info spawn /usr/bin/python3
gyp info spawn args [
gyp info spawn args   '/usr/lib/node_modules/npm/node_modules/node-gyp/gyp/gyp_main.py',
gyp info spawn args   'binding.gyp',
gyp info spawn args   '-f',
gyp info spawn args   'make',
gyp info spawn args   '-I',
gyp info spawn args   '/config/portainer/node_modules/socket.io-client/node_modules/ws/build/config.gypi',
gyp info spawn args   '-I',
gyp info spawn args   '/usr/lib/node_modules/npm/node_modules/node-gyp/addon.gypi',
gyp info spawn args   '-I',
gyp info spawn args   '/root/.cache/node-gyp/12.22.1/include/node/common.gypi',
gyp info spawn args   '-Dlibrary=shared_library',
gyp info spawn args   '-Dvisibility=default',
gyp info spawn args   '-Dnode_root_dir=/root/.cache/node-gyp/12.22.1',
gyp info spawn args   '-Dnode_gyp_dir=/usr/lib/node_modules/npm/node_modules/node-gyp',
gyp info spawn args   '-Dnode_lib_file=/root/.cache/node-gyp/12.22.1/<(target_arch)/node.lib',
gyp info spawn args   '-Dmodule_root_dir=/config/portainer/node_modules/socket.io-client/node_modules/ws',
gyp info spawn args   '-Dnode_engine=v8',
gyp info spawn args   '--depth=.',
gyp info spawn args   '--no-parallel',
gyp info spawn args   '--generator-output',
gyp info spawn args   'build',
gyp info spawn args   '-Goutput_dir=.'
gyp info spawn args ]
gyp info spawn make
gyp info spawn args [ 'BUILDTYPE=Release', '-C', 'build' ]
In file included from ../src/bufferutil.cc:15:
../../nan/nan.h:206:9: error: 'v8::Handle' has not been declared
  206 |   , v8::Handle<v8::String> opt, bool def
      |         ^~~~~~
../../nan/nan.h:206:15: error: expected ',' or '...' before '<' token
  206 |   , v8::Handle<v8::String> opt, bool def
      |               ^
../../nan/nan.h: In function 'bool NanBooleanOptionValue(v8::Local<v8::Object>, int)':
../../nan/nan.h:208:7: error: 'def' was not declared in this scope
  208 |   if (def) {
      |       ^~~
../../nan/nan.h:210:27: error: 'opt' was not declared in this scope
  210 |       || !optionsObj->Has(opt)
      |                           ^~~
../../nan/nan.h:214:26: error: 'opt' was not declared in this scope
  214 |       && optionsObj->Has(opt)
      |                          ^~~
../../nan/nan.h: At global scope:
../../nan/nan.h:221:9: error: 'v8::Handle' has not been declared
  221 |   , v8::Handle<v8::String> opt
      |         ^~~~~~
../../nan/nan.h:221:15: error: expected ',' or '...' before '<' token
  221 |   , v8::Handle<v8::String> opt
      |               ^
../../nan/nan.h:219:17: error: redefinition of 'bool NanBooleanOptionValue(v8::Local<v8::Object>, int)'
  219 | NAN_INLINE bool NanBooleanOptionValue(
      |                 ^~~~~~~~~~~~~~~~~~~~~
../../nan/nan.h:204:17: note: 'bool NanBooleanOptionValue(v8::Local<v8::Object>, int)' previously defined here
  204 | NAN_INLINE bool NanBooleanOptionValue(
      |                 ^~~~~~~~~~~~~~~~~~~~~
../../nan/nan.h: In function 'bool NanBooleanOptionValue(v8::Local<v8::Object>, int)':
../../nan/nan.h:223:44: error: 'opt' was not declared in this scope
  223 |   return NanBooleanOptionValue(optionsObj, opt, false);
      |                                            ^~~
../../nan/nan.h: At global scope:
../../nan/nan.h:228:9: error: 'v8::Handle' has not been declared
  228 |   , v8::Handle<v8::String> opt
      |         ^~~~~~
../../nan/nan.h:228:15: error: expected ',' or '...' before '<' token
  228 |   , v8::Handle<v8::String> opt
      |               ^
../../nan/nan.h: In function 'uint32_t NanUInt32OptionValue(v8::Local<v8::Object>, int)':
../../nan/nan.h:232:24: error: 'opt' was not declared in this scope
  232 |     && optionsObj->Has(opt)
      |                        ^~~
../../nan/nan.h:235:9: error: 'def' was not declared in this scope
  235 |       : def;
      |         ^~~
../../nan/nan.h: At global scope:
../../nan/nan.h:164:21: warning: inline variables are only available with '-std=c++17' or '-std=gnu++17'
  164 | # define NAN_INLINE inline __attribute__((always_inline))
      |                     ^~~~~~
../../nan/nan.h:333:3: note: in expansion of macro 'NAN_INLINE'
  333 |   NAN_INLINE v8::Local<v8::Signature> NanNew(
      |   ^~~~~~~~~~
../../nan/nan.h:334:11: warning: 'always_inline' attribute ignored [-Wattributes]
  334 |       v8::Handle<v8::FunctionTemplate> receiver
      |           ^~~~~~
../../nan/nan.h:334:11: error: 'template<class T> v8::Local<v8::Signature> NanNew' conflicts with a previous declaration
../../nan/nan.h:328:27: note: previous declaration 'NanNew'
  328 |   NAN_INLINE v8::Local<T> NanNew(P arg1) {
      |                           ^~~~~~
../../nan/nan.h:334:11: error: 'Handle' is not a member of 'v8'
  334 |       v8::Handle<v8::FunctionTemplate> receiver
      |           ^~~~~~
../../nan/nan.h:334:38: error: expected primary-expression before '>' token
  334 |       v8::Handle<v8::FunctionTemplate> receiver
      |                                      ^
../../nan/nan.h:334:40: error: 'receiver' was not declared in this scope
  334 |       v8::Handle<v8::FunctionTemplate> receiver
      |                                        ^~~~~~~~
../../nan/nan.h:335:7: error: expected primary-expression before 'int'
  335 |     , int argc
      |       ^~~
../../nan/nan.h:336:11: error: 'Handle' is not a member of 'v8'
  336 |     , v8::Handle<v8::FunctionTemplate> argv[] = 0) {
      |           ^~~~~~
../../nan/nan.h:336:38: error: expected primary-expression before '>' token
  336 |     , v8::Handle<v8::FunctionTemplate> argv[] = 0) {
      |                                      ^
../../nan/nan.h:336:40: error: 'argv' was not declared in this scope
  336 |     , v8::Handle<v8::FunctionTemplate> argv[] = 0) {
      |                                        ^~~~
../../nan/nan.h:336:45: error: expected primary-expression before ']' token
  336 |     , v8::Handle<v8::FunctionTemplate> argv[] = 0) {
      |                                             ^
../../nan/nan.h:336:51: error: expected ';' before '{' token
  336 |     , v8::Handle<v8::FunctionTemplate> argv[] = 0) {
      |                                                   ^~
      |                                                   ;
../../nan/nan.h:343:11: error: 'v8::Handle' has not been declared
  343 |     , v8::Handle<v8::Value> data = v8::Handle<v8::Value>()
      |           ^~~~~~
../../nan/nan.h:343:17: error: expected ',' or '...' before '<' token
  343 |     , v8::Handle<v8::Value> data = v8::Handle<v8::Value>()
      |                 ^
../../nan/nan.h: In function 'v8::Local<v8::FunctionTemplate> NanNew(NanFunctionCallback, int)':
../../nan/nan.h:345:42: error: 'data' was not declared in this scope
  345 |     return T::New(nan_isolate, callback, data, signature);
      |                                          ^~~~
../../nan/nan.h:345:48: error: 'signature' was not declared in this scope; did you mean 'sigpause'?
  345 |     return T::New(nan_isolate, callback, data, signature);
      |                                                ^~~~~~~~~
      |                                                sigpause
../../nan/nan.h: At global scope:
../../nan/nan.h:164:21: warning: inline variables are only available with '-std=c++17' or '-std=gnu++17'
  164 | # define NAN_INLINE inline __attribute__((always_inline))
      |                     ^~~~~~
../../nan/nan.h:349:3: note: in expansion of macro 'NAN_INLINE'
  349 |   NAN_INLINE v8::Local<T> NanNew(v8::Handle<T> arg1) {
      |   ^~~~~~~~~~
../../nan/nan.h:349:38: warning: 'always_inline' attribute ignored [-Wattributes]
  349 |   NAN_INLINE v8::Local<T> NanNew(v8::Handle<T> arg1) {
      |                                      ^~~~~~
../../nan/nan.h:349:38: error: 'template<class T> v8::Local<T> NanNew' conflicts with a previous declaration
../../nan/nan.h:341:46: note: previous declaration 'NanNew'
  341 |   NAN_INLINE v8::Local<v8::FunctionTemplate> NanNew(
      |                                              ^~~~~~
../../nan/nan.h:349:38: error: 'Handle' is not a member of 'v8'
  349 |   NAN_INLINE v8::Local<T> NanNew(v8::Handle<T> arg1) {
      |                                      ^~~~~~
../../nan/nan.h:349:46: error: expected primary-expression before '>' token
  349 |   NAN_INLINE v8::Local<T> NanNew(v8::Handle<T> arg1) {
      |                                              ^
../../nan/nan.h:349:48: error: 'arg1' was not declared in this scope
  349 |   NAN_INLINE v8::Local<T> NanNew(v8::Handle<T> arg1) {
      |                                                ^~~~
../../nan/nan.h:349:53: error: expected ';' before '{' token
  349 |   NAN_INLINE v8::Local<T> NanNew(v8::Handle<T> arg1) {
      |                                                     ^~
      |                                                     ;
../../nan/nan.h: In function 'v8::Local<T> NanNew(P) [with T = v8::Date; P = double]':
../../nan/nan.h:375:26: error: cannot convert 'v8::Isolate*' to 'v8::Local<v8::Context>'
  375 |     return v8::Date::New(nan_isolate, time).As<v8::Date>();
      |                          ^~~~~~~~~~~
      |                          |
      |                          v8::Isolate*
In file included from ../src/bufferutil.cc:7:
/root/.cache/node-gyp/12.22.1/include/node/v8.h:5432:69: note:   initializing argument 1 of 'static v8::MaybeLocal<v8::Value> v8::Date::New(v8::Local<v8::Context>, double)'
 5432 |   static V8_WARN_UNUSED_RESULT MaybeLocal<Value> New(Local<Context> context,
      |                                                      ~~~~~~~~~~~~~~~^~~~~~~
In file included from ../src/bufferutil.cc:15:
../../nan/nan.h:375:56: error: expected primary-expression before '>' token
  375 |     return v8::Date::New(nan_isolate, time).As<v8::Date>();
      |                                                        ^
../../nan/nan.h:375:58: error: expected primary-expression before ')' token
  375 |     return v8::Date::New(nan_isolate, time).As<v8::Date>();
      |                                                          ^
../../nan/nan.h: In function 'v8::Local<T> NanNew(P) [with T = v8::Date; P = int]':
../../nan/nan.h:380:26: error: cannot convert 'v8::Isolate*' to 'v8::Local<v8::Context>'
  380 |     return v8::Date::New(nan_isolate, time).As<v8::Date>();
      |                          ^~~~~~~~~~~
      |                          |
      |                          v8::Isolate*
In file included from ../src/bufferutil.cc:7:
/root/.cache/node-gyp/12.22.1/include/node/v8.h:5432:69: note:   initializing argument 1 of 'static v8::MaybeLocal<v8::Value> v8::Date::New(v8::Local<v8::Context>, double)'
 5432 |   static V8_WARN_UNUSED_RESULT MaybeLocal<Value> New(Local<Context> context,
      |                                                      ~~~~~~~~~~~~~~~^~~~~~~
In file included from ../src/bufferutil.cc:15:
../../nan/nan.h:380:56: error: expected primary-expression before '>' token
  380 |     return v8::Date::New(nan_isolate, time).As<v8::Date>();
      |                                                        ^
../../nan/nan.h:380:58: error: expected primary-expression before ')' token
  380 |     return v8::Date::New(nan_isolate, time).As<v8::Date>();
      |                                                          ^
../../nan/nan.h: In function 'v8::Local<T> NanNew(P, const v8::ScriptOrigin&)':
../../nan/nan.h:392:32: error: 'CompileUnbound' is not a member of 'v8::ScriptCompiler'
  392 |     return v8::ScriptCompiler::CompileUnbound(nan_isolate, &source);
      |                                ^~~~~~~~~~~~~~
../../nan/nan.h: In function 'v8::Local<T> NanNew(P) [with T = v8::UnboundScript; P = v8::Local<v8::String>]':
../../nan/nan.h:400:32: error: 'CompileUnbound' is not a member of 'v8::ScriptCompiler'
  400 |     return v8::ScriptCompiler::CompileUnbound(nan_isolate, &source);
      |                                ^~~~~~~~~~~~~~
../../nan/nan.h: In function 'v8::Local<v8::String> NanNew(v8::String::ExternalStringResource*)':
../../nan/nan.h:405:24: warning: 'static v8::Local<v8::String> v8::String::NewExternal(v8::Isolate*, v8::String::ExternalOneByteStringResource*)' is deprecated: Use maybe version [-Wdeprecated-declarations]
  405 |     return v8::String::NewExternal(nan_isolate, resource);
      |                        ^~~~~~~~~~~
In file included from /root/.cache/node-gyp/12.22.1/include/node/v8-internal.h:14,
                 from /root/.cache/node-gyp/12.22.1/include/node/v8.h:27,
                 from ../src/bufferutil.cc:7:
/root/.cache/node-gyp/12.22.1/include/node/v8.h:3100:21: note: declared here
 3100 |       Local<String> NewExternal(Isolate* isolate,
      |                     ^~~~~~~~~~~
/root/.cache/node-gyp/12.22.1/include/node/v8config.h:328:3: note: in definition of macro 'V8_DEPRECATED'
  328 |   declarator __attribute__((deprecated(message)))
      |   ^~~~~~~~~~
In file included from ../src/bufferutil.cc:15:
../../nan/nan.h:405:49: error: cannot convert 'v8::String::ExternalStringResource*' to 'v8::String::ExternalOneByteStringResource*'
  405 |     return v8::String::NewExternal(nan_isolate, resource);
      |                                                 ^~~~~~~~
      |                                                 |
      |                                                 v8::String::ExternalStringResource*
In file included from /root/.cache/node-gyp/12.22.1/include/node/v8-internal.h:14,
                 from /root/.cache/node-gyp/12.22.1/include/node/v8.h:27,
                 from ../src/bufferutil.cc:7:
/root/.cache/node-gyp/12.22.1/include/node/v8.h:3101:64: note:   initializing argument 2 of 'static v8::Local<v8::String> v8::String::NewExternal(v8::Isolate*, v8::String::ExternalOneByteStringResource*)'
 3101 |                                 ExternalOneByteStringResource* resource));
      |                                 ~~~~~~~~~~~~~~~~~~~~~~~~~~~~~~~^~~~~~~~
/root/.cache/node-gyp/12.22.1/include/node/v8config.h:328:3: note: in definition of macro 'V8_DEPRECATED'
  328 |   declarator __attribute__((deprecated(message)))
      |   ^~~~~~~~~~
In file included from ../src/bufferutil.cc:15:
../../nan/nan.h: At global scope:
../../nan/nan.h:164:21: warning: inline variables are only available with '-std=c++17' or '-std=gnu++17'
  164 | # define NAN_INLINE inline __attribute__((always_inline))
      |                     ^~~~~~
../../nan/nan.h:408:3: note: in expansion of macro 'NAN_INLINE'
  408 |   NAN_INLINE v8::Local<v8::String> NanNew(
      |   ^~~~~~~~~~
../../nan/nan.h:409:19: warning: 'always_inline' attribute ignored [-Wattributes]
  409 |       v8::String::ExternalAsciiStringResource *resource) {
      |                   ^~~~~~~~~~~~~~~~~~~~~~~~~~~
../../nan/nan.h:409:19: error: 'v8::Local<v8::String> NanNew' redeclared as different kind of entity
../../nan/nan.h:403:36: note: previous declaration 'v8::Local<v8::String> NanNew(v8::String::ExternalStringResource*)'
  403 |   NAN_INLINE v8::Local<v8::String> NanNew(
      |                                    ^~~~~~
../../nan/nan.h:409:19: error: 'ExternalAsciiStringResource' is not a member of 'v8::String'
  409 |       v8::String::ExternalAsciiStringResource *resource) {
      |                   ^~~~~~~~~~~~~~~~~~~~~~~~~~~
../../nan/nan.h:409:48: error: 'resource' was not declared in this scope
  409 |       v8::String::ExternalAsciiStringResource *resource) {
      |                                                ^~~~~~~~
../../nan/nan.h: In function 'v8::Local<T> NanNew(P) [with T = v8::BooleanObject; P = bool]':
../../nan/nan.h:415:40: error: no matching function for call to 'v8::BooleanObject::New(bool&)'
  415 |     return v8::BooleanObject::New(value).As<v8::BooleanObject>();
      |                                        ^
In file included from ../src/bufferutil.cc:7:
/root/.cache/node-gyp/12.22.1/include/node/v8.h:5515:23: note: candidate: 'static v8::Local<v8::Value> v8::BooleanObject::New(v8::Isolate*, bool)'
 5515 |   static Local<Value> New(Isolate* isolate, bool value);
      |                       ^~~
/root/.cache/node-gyp/12.22.1/include/node/v8.h:5515:23: note:   candidate expects 2 arguments, 1 provided
In file included from ../src/bufferutil.cc:15:
../../nan/nan.h:415:62: error: expected primary-expression before '>' token
  415 |     return v8::BooleanObject::New(value).As<v8::BooleanObject>();
      |                                                              ^
../../nan/nan.h:415:64: error: expected primary-expression before ')' token
  415 |     return v8::BooleanObject::New(value).As<v8::BooleanObject>();
      |                                                                ^
../../nan/nan.h: In function 'v8::Local<T> NanNew(P) [with T = v8::StringObject; P = v8::Local<v8::String>]':
../../nan/nan.h:422:39: error: no matching function for call to 'v8::StringObject::New(v8::Local<v8::String>&)'
  422 |     return v8::StringObject::New(value).As<v8::StringObject>();
      |                                       ^
In file included from ../src/bufferutil.cc:7:
/root/.cache/node-gyp/12.22.1/include/node/v8.h:5531:23: note: candidate: 'static v8::Local<v8::Value> v8::StringObject::New(v8::Isolate*, v8::Local<v8::String>)'
 5531 |   static Local<Value> New(Isolate* isolate, Local<String> value);
      |                       ^~~
/root/.cache/node-gyp/12.22.1/include/node/v8.h:5531:23: note:   candidate expects 2 arguments, 1 provided
In file included from ../src/bufferutil.cc:15:
../../nan/nan.h:422:60: error: expected primary-expression before '>' token
  422 |     return v8::StringObject::New(value).As<v8::StringObject>();
      |                                                            ^
../../nan/nan.h:422:62: error: expected primary-expression before ')' token
  422 |     return v8::StringObject::New(value).As<v8::StringObject>();
      |                                                              ^
../../nan/nan.h: At global scope:
../../nan/nan.h:427:32: error: 'Handle' is not a member of 'v8'
  427 |   NanNew<v8::StringObject, v8::Handle<v8::String> >(
      |                                ^~~~~~
../../nan/nan.h:427:32: error: 'Handle' is not a member of 'v8'
../../nan/nan.h:427:3: error: parse error in template argument list
  427 |   NanNew<v8::StringObject, v8::Handle<v8::String> >(
      |   ^~~~~~~~~~~~~~~~~~~~~~~~~~~~~~~~~~~~~~~~~~~~~~~
../../nan/nan.h:427:51: error: expected initializer before '>' token
  427 |   NanNew<v8::StringObject, v8::Handle<v8::String> >(
      |                                                   ^
../../nan/nan.h:164:21: warning: inline variables are only available with '-std=c++17' or '-std=gnu++17'
  164 | # define NAN_INLINE inline __attribute__((always_inline))
      |                     ^~~~~~
../../nan/nan.h:438:3: note: in expansion of macro 'NAN_INLINE'
  438 |   NAN_INLINE v8::Local<v8::RegExp> NanNew(
      |   ^~~~~~~~~~
../../nan/nan.h:439:11: warning: 'always_inline' attribute ignored [-Wattributes]
  439 |       v8::Handle<v8::String> pattern, v8::RegExp::Flags flags) {
      |           ^~~~~~
../../nan/nan.h:439:11: error: 'template<class T> v8::Local<v8::RegExp> NanNew' redeclared as different kind of entity
../../nan/nan.h:403:36: note: previous declaration 'v8::Local<v8::String> NanNew(v8::String::ExternalStringResource*)'
  403 |   NAN_INLINE v8::Local<v8::String> NanNew(
      |                                    ^~~~~~
../../nan/nan.h:439:11: error: 'Handle' is not a member of 'v8'
  439 |       v8::Handle<v8::String> pattern, v8::RegExp::Flags flags) {
      |           ^~~~~~
../../nan/nan.h:439:28: error: expected primary-expression before '>' token
  439 |       v8::Handle<v8::String> pattern, v8::RegExp::Flags flags) {
      |                            ^
../../nan/nan.h:439:30: error: 'pattern' was not declared in this scope
  439 |       v8::Handle<v8::String> pattern, v8::RegExp::Flags flags) {
      |                              ^~~~~~~
../../nan/nan.h:439:57: error: expected primary-expression before 'flags'
  439 |       v8::Handle<v8::String> pattern, v8::RegExp::Flags flags) {
      |                                                         ^~~~~
../../nan/nan.h: In function 'v8::Local<v8::RegExp> NanNew(v8::Local<v8::String>, v8::RegExp::Flags)':
../../nan/nan.h:446:42: error: no matching function for call to 'v8::RegExp::New(v8::Local<v8::String>&, v8::RegExp::Flags&)'
  446 |     return v8::RegExp::New(pattern, flags);
      |                                          ^
In file included from ../src/bufferutil.cc:7:
/root/.cache/node-gyp/12.22.1/include/node/v8.h:5589:51: note: candidate: 'static v8::MaybeLocal<v8::RegExp> v8::RegExp::New(v8::Local<v8::Context>, v8::Local<v8::String>, v8::RegExp::Flags)'
 5589 |   static V8_WARN_UNUSED_RESULT MaybeLocal<RegExp> New(Local<Context> context,
      |                                                   ^~~
/root/.cache/node-gyp/12.22.1/include/node/v8.h:5589:51: note:   candidate expects 3 arguments, 2 provided
In file included from ../src/bufferutil.cc:15:
../../nan/nan.h: At global scope:
../../nan/nan.h:164:21: warning: inline variables are only available with '-std=c++17' or '-std=gnu++17'
  164 | # define NAN_INLINE inline __attribute__((always_inline))
      |                     ^~~~~~
../../nan/nan.h:450:3: note: in expansion of macro 'NAN_INLINE'
  450 |   NAN_INLINE v8::Local<v8::RegExp> NanNew(
      |   ^~~~~~~~~~
../../nan/nan.h:451:11: warning: 'always_inline' attribute ignored [-Wattributes]
  451 |       v8::Handle<v8::String> pattern, v8::RegExp::Flags flags) {
      |           ^~~~~~
../../nan/nan.h:451:11: error: 'template<class T, class P> v8::Local<v8::RegExp> NanNew' redeclared as different kind of entity
../../nan/nan.h:403:36: note: previous declaration 'v8::Local<v8::String> NanNew(v8::String::ExternalStringResource*)'
  403 |   NAN_INLINE v8::Local<v8::String> NanNew(
      |                                    ^~~~~~
../../nan/nan.h:451:11: error: 'Handle' is not a member of 'v8'
  451 |       v8::Handle<v8::String> pattern, v8::RegExp::Flags flags) {
      |           ^~~~~~
../../nan/nan.h:451:28: error: expected primary-expression before '>' token
  451 |       v8::Handle<v8::String> pattern, v8::RegExp::Flags flags) {
      |                            ^
../../nan/nan.h:451:30: error: 'pattern' was not declared in this scope
  451 |       v8::Handle<v8::String> pattern, v8::RegExp::Flags flags) {
      |                              ^~~~~~~
../../nan/nan.h:451:57: error: expected primary-expression before 'flags'
  451 |       v8::Handle<v8::String> pattern, v8::RegExp::Flags flags) {
      |                                                         ^~~~~
../../nan/nan.h: In function 'v8::Local<v8::RegExp> NanNew(v8::Local<v8::String>, v8::RegExp::Flags)':
../../nan/nan.h:458:42: error: no matching function for call to 'v8::RegExp::New(v8::Local<v8::String>&, v8::RegExp::Flags&)'
  458 |     return v8::RegExp::New(pattern, flags);
      |                                          ^
In file included from ../src/bufferutil.cc:7:
/root/.cache/node-gyp/12.22.1/include/node/v8.h:5589:51: note: candidate: 'static v8::MaybeLocal<v8::RegExp> v8::RegExp::New(v8::Local<v8::Context>, v8::Local<v8::String>, v8::RegExp::Flags)'
 5589 |   static V8_WARN_UNUSED_RESULT MaybeLocal<RegExp> New(Local<Context> context,
      |                                                   ^~~
/root/.cache/node-gyp/12.22.1/include/node/v8.h:5589:51: note:   candidate expects 3 arguments, 2 provided
In file included from ../src/bufferutil.cc:15:
../../nan/nan.h: In function 'v8::Local<T> NanNew(P) [with T = v8::Uint32; P = int]':
../../nan/nan.h:463:68: error: no matching function for call to 'v8::Integer::ToUint32()'
  463 |     return v8::Uint32::NewFromUnsigned(nan_isolate, val)->ToUint32();
      |                                                                    ^
In file included from ../src/bufferutil.cc:7:
/root/.cache/node-gyp/12.22.1/include/node/v8.h:2676:44: note: candidate: 'v8::MaybeLocal<v8::Uint32> v8::Value::ToUint32(v8::Local<v8::Context>) const'
 2676 |   V8_WARN_UNUSED_RESULT MaybeLocal<Uint32> ToUint32(
      |                                            ^~~~~~~~
/root/.cache/node-gyp/12.22.1/include/node/v8.h:2676:44: note:   candidate expects 1 argument, 0 provided
In file included from ../src/bufferutil.cc:15:
../../nan/nan.h: In function 'v8::Local<T> NanNew(P) [with T = v8::Uint32; P = unsigned int]':
../../nan/nan.h:468:68: error: no matching function for call to 'v8::Integer::ToUint32()'
  468 |     return v8::Uint32::NewFromUnsigned(nan_isolate, val)->ToUint32();
      |                                                                    ^
In file included from ../src/bufferutil.cc:7:
/root/.cache/node-gyp/12.22.1/include/node/v8.h:2676:44: note: candidate: 'v8::MaybeLocal<v8::Uint32> v8::Value::ToUint32(v8::Local<v8::Context>) const'
 2676 |   V8_WARN_UNUSED_RESULT MaybeLocal<Uint32> ToUint32(
      |                                            ^~~~~~~~
/root/.cache/node-gyp/12.22.1/include/node/v8.h:2676:44: note:   candidate expects 1 argument, 0 provided
In file included from ../src/bufferutil.cc:15:
../../nan/nan.h: In function 'v8::Local<T> NanNew(P) [with T = v8::Int32; P = int]':
../../nan/nan.h:473:54: error: no matching function for call to 'v8::Integer::ToInt32()'
  473 |     return v8::Int32::New(nan_isolate, val)->ToInt32();
      |                                                      ^
In file included from ../src/bufferutil.cc:7:
/root/.cache/node-gyp/12.22.1/include/node/v8.h:2678:43: note: candidate: 'v8::MaybeLocal<v8::Int32> v8::Value::ToInt32(v8::Local<v8::Context>) const'
 2678 |   V8_WARN_UNUSED_RESULT MaybeLocal<Int32> ToInt32(Local<Context> context) const;
      |                                           ^~~~~~~
/root/.cache/node-gyp/12.22.1/include/node/v8.h:2678:43: note:   candidate expects 1 argument, 0 provided
In file included from /root/.cache/node-gyp/12.22.1/include/node/v8-internal.h:14,
                 from /root/.cache/node-gyp/12.22.1/include/node/v8.h:27,
                 from ../src/bufferutil.cc:7:
/root/.cache/node-gyp/12.22.1/include/node/v8.h:2690:30: note: candidate: 'v8::Local<v8::Int32> v8::Value::ToInt32(v8::Isolate*) const'
 2690 |                 Local<Int32> ToInt32(Isolate* isolate) const);
      |                              ^~~~~~~
/root/.cache/node-gyp/12.22.1/include/node/v8config.h:328:3: note: in definition of macro 'V8_DEPRECATED'
  328 |   declarator __attribute__((deprecated(message)))
      |   ^~~~~~~~~~
/root/.cache/node-gyp/12.22.1/include/node/v8.h:2690:30: note:   candidate expects 1 argument, 0 provided
 2690 |                 Local<Int32> ToInt32(Isolate* isolate) const);
      |                              ^~~~~~~
/root/.cache/node-gyp/12.22.1/include/node/v8config.h:328:3: note: in definition of macro 'V8_DEPRECATED'
  328 |   declarator __attribute__((deprecated(message)))
      |   ^~~~~~~~~~
In file included from ../src/bufferutil.cc:15:
../../nan/nan.h: In function 'v8::Local<T> NanNew(P) [with T = v8::Int32; P = unsigned int]':
../../nan/nan.h:478:54: error: no matching function for call to 'v8::Integer::ToInt32()'
  478 |     return v8::Int32::New(nan_isolate, val)->ToInt32();
      |                                                      ^
In file included from ../src/bufferutil.cc:7:
/root/.cache/node-gyp/12.22.1/include/node/v8.h:2678:43: note: candidate: 'v8::MaybeLocal<v8::Int32> v8::Value::ToInt32(v8::Local<v8::Context>) const'
 2678 |   V8_WARN_UNUSED_RESULT MaybeLocal<Int32> ToInt32(Local<Context> context) const;
      |                                           ^~~~~~~
/root/.cache/node-gyp/12.22.1/include/node/v8.h:2678:43: note:   candidate expects 1 argument, 0 provided
In file included from /root/.cache/node-gyp/12.22.1/include/node/v8-internal.h:14,
                 from /root/.cache/node-gyp/12.22.1/include/node/v8.h:27,
                 from ../src/bufferutil.cc:7:
/root/.cache/node-gyp/12.22.1/include/node/v8.h:2690:30: note: candidate: 'v8::Local<v8::Int32> v8::Value::ToInt32(v8::Isolate*) const'
 2690 |                 Local<Int32> ToInt32(Isolate* isolate) const);
      |                              ^~~~~~~
/root/.cache/node-gyp/12.22.1/include/node/v8config.h:328:3: note: in definition of macro 'V8_DEPRECATED'
  328 |   declarator __attribute__((deprecated(message)))
      |   ^~~~~~~~~~
/root/.cache/node-gyp/12.22.1/include/node/v8.h:2690:30: note:   candidate expects 1 argument, 0 provided
 2690 |                 Local<Int32> ToInt32(Isolate* isolate) const);
      |                              ^~~~~~~
/root/.cache/node-gyp/12.22.1/include/node/v8config.h:328:3: note: in definition of macro 'V8_DEPRECATED'
  328 |   declarator __attribute__((deprecated(message)))
      |   ^~~~~~~~~~
In file included from ../src/bufferutil.cc:15:
../../nan/nan.h: In function 'v8::Local<T> NanNew(P, int) [with T = v8::String; P = char*]':
../../nan/nan.h:489:15: warning: 'static v8::Local<v8::String> v8::String::NewFromUtf8(v8::Isolate*, const char*, v8::String::NewStringType, int)' is deprecated: Use maybe version [-Wdeprecated-declarations]
  489 |       , length);
      |               ^
In file included from /root/.cache/node-gyp/12.22.1/include/node/v8-internal.h:14,
                 from /root/.cache/node-gyp/12.22.1/include/node/v8.h:27,
                 from ../src/bufferutil.cc:7:
/root/.cache/node-gyp/12.22.1/include/node/v8.h:3032:21: note: declared here
 3032 |       Local<String> NewFromUtf8(Isolate* isolate, const char* data,
      |                     ^~~~~~~~~~~
/root/.cache/node-gyp/12.22.1/include/node/v8config.h:328:3: note: in definition of macro 'V8_DEPRECATED'
  328 |   declarator __attribute__((deprecated(message)))
      |   ^~~~~~~~~~
In file included from ../src/bufferutil.cc:15:
../../nan/nan.h:489:15: warning: 'static v8::Local<v8::String> v8::String::NewFromUtf8(v8::Isolate*, const char*, v8::String::NewStringType, int)' is deprecated: Use maybe version [-Wdeprecated-declarations]
  489 |       , length);
      |               ^
In file included from /root/.cache/node-gyp/12.22.1/include/node/v8-internal.h:14,
                 from /root/.cache/node-gyp/12.22.1/include/node/v8.h:27,
                 from ../src/bufferutil.cc:7:
/root/.cache/node-gyp/12.22.1/include/node/v8.h:3032:21: note: declared here
 3032 |       Local<String> NewFromUtf8(Isolate* isolate, const char* data,
      |                     ^~~~~~~~~~~
/root/.cache/node-gyp/12.22.1/include/node/v8config.h:328:3: note: in definition of macro 'V8_DEPRECATED'
  328 |   declarator __attribute__((deprecated(message)))
      |   ^~~~~~~~~~
In file included from ../src/bufferutil.cc:15:
../../nan/nan.h: In function 'v8::Local<T> NanNew(P, int) [with T = v8::String; P = const char*]':
../../nan/nan.h:500:15: warning: 'static v8::Local<v8::String> v8::String::NewFromUtf8(v8::Isolate*, const char*, v8::String::NewStringType, int)' is deprecated: Use maybe version [-Wdeprecated-declarations]
  500 |       , length);
      |               ^
In file included from /root/.cache/node-gyp/12.22.1/include/node/v8-internal.h:14,
                 from /root/.cache/node-gyp/12.22.1/include/node/v8.h:27,
                 from ../src/bufferutil.cc:7:
/root/.cache/node-gyp/12.22.1/include/node/v8.h:3032:21: note: declared here
 3032 |       Local<String> NewFromUtf8(Isolate* isolate, const char* data,
      |                     ^~~~~~~~~~~
/root/.cache/node-gyp/12.22.1/include/node/v8config.h:328:3: note: in definition of macro 'V8_DEPRECATED'
  328 |   declarator __attribute__((deprecated(message)))
      |   ^~~~~~~~~~
In file included from ../src/bufferutil.cc:15:
../../nan/nan.h:500:15: warning: 'static v8::Local<v8::String> v8::String::NewFromUtf8(v8::Isolate*, const char*, v8::String::NewStringType, int)' is deprecated: Use maybe version [-Wdeprecated-declarations]
  500 |       , length);
      |               ^
In file included from /root/.cache/node-gyp/12.22.1/include/node/v8-internal.h:14,
                 from /root/.cache/node-gyp/12.22.1/include/node/v8.h:27,
                 from ../src/bufferutil.cc:7:
/root/.cache/node-gyp/12.22.1/include/node/v8.h:3032:21: note: declared here
 3032 |       Local<String> NewFromUtf8(Isolate* isolate, const char* data,
      |                     ^~~~~~~~~~~
/root/.cache/node-gyp/12.22.1/include/node/v8config.h:328:3: note: in definition of macro 'V8_DEPRECATED'
  328 |   declarator __attribute__((deprecated(message)))
      |   ^~~~~~~~~~
In file included from ../src/bufferutil.cc:15:
../../nan/nan.h: In function 'v8::Local<T> NanNew(P) [with T = v8::String; P = char*]':
../../nan/nan.h:505:52: warning: 'static v8::Local<v8::String> v8::String::NewFromUtf8(v8::Isolate*, const char*, v8::String::NewStringType, int)' is deprecated: Use maybe version [-Wdeprecated-declarations]
  505 |     return v8::String::NewFromUtf8(nan_isolate, arg);
      |                                                    ^
In file included from /root/.cache/node-gyp/12.22.1/include/node/v8-internal.h:14,
                 from /root/.cache/node-gyp/12.22.1/include/node/v8.h:27,
                 from ../src/bufferutil.cc:7:
/root/.cache/node-gyp/12.22.1/include/node/v8.h:3032:21: note: declared here
 3032 |       Local<String> NewFromUtf8(Isolate* isolate, const char* data,
      |                     ^~~~~~~~~~~
/root/.cache/node-gyp/12.22.1/include/node/v8config.h:328:3: note: in definition of macro 'V8_DEPRECATED'
  328 |   declarator __attribute__((deprecated(message)))
      |   ^~~~~~~~~~
In file included from ../src/bufferutil.cc:15:
../../nan/nan.h:505:52: warning: 'static v8::Local<v8::String> v8::String::NewFromUtf8(v8::Isolate*, const char*, v8::String::NewStringType, int)' is deprecated: Use maybe version [-Wdeprecated-declarations]
  505 |     return v8::String::NewFromUtf8(nan_isolate, arg);
      |                                                    ^
In file included from /root/.cache/node-gyp/12.22.1/include/node/v8-internal.h:14,
                 from /root/.cache/node-gyp/12.22.1/include/node/v8.h:27,
                 from ../src/bufferutil.cc:7:
/root/.cache/node-gyp/12.22.1/include/node/v8.h:3032:21: note: declared here
 3032 |       Local<String> NewFromUtf8(Isolate* isolate, const char* data,
      |                     ^~~~~~~~~~~
/root/.cache/node-gyp/12.22.1/include/node/v8config.h:328:3: note: in definition of macro 'V8_DEPRECATED'
  328 |   declarator __attribute__((deprecated(message)))
      |   ^~~~~~~~~~
In file included from ../src/bufferutil.cc:15:
../../nan/nan.h: In function 'v8::Local<T> NanNew(P) [with T = v8::String; P = const char*]':
../../nan/nan.h:511:52: warning: 'static v8::Local<v8::String> v8::String::NewFromUtf8(v8::Isolate*, const char*, v8::String::NewStringType, int)' is deprecated: Use maybe version [-Wdeprecated-declarations]
  511 |     return v8::String::NewFromUtf8(nan_isolate, arg);
      |                                                    ^
In file included from /root/.cache/node-gyp/12.22.1/include/node/v8-internal.h:14,
                 from /root/.cache/node-gyp/12.22.1/include/node/v8.h:27,
                 from ../src/bufferutil.cc:7:
/root/.cache/node-gyp/12.22.1/include/node/v8.h:3032:21: note: declared here
 3032 |       Local<String> NewFromUtf8(Isolate* isolate, const char* data,
      |                     ^~~~~~~~~~~
/root/.cache/node-gyp/12.22.1/include/node/v8config.h:328:3: note: in definition of macro 'V8_DEPRECATED'
  328 |   declarator __attribute__((deprecated(message)))
      |   ^~~~~~~~~~
In file included from ../src/bufferutil.cc:15:
../../nan/nan.h:511:52: warning: 'static v8::Local<v8::String> v8::String::NewFromUtf8(v8::Isolate*, const char*, v8::String::NewStringType, int)' is deprecated: Use maybe version [-Wdeprecated-declarations]
  511 |     return v8::String::NewFromUtf8(nan_isolate, arg);
      |                                                    ^
In file included from /root/.cache/node-gyp/12.22.1/include/node/v8-internal.h:14,
                 from /root/.cache/node-gyp/12.22.1/include/node/v8.h:27,
                 from ../src/bufferutil.cc:7:
/root/.cache/node-gyp/12.22.1/include/node/v8.h:3032:21: note: declared here
 3032 |       Local<String> NewFromUtf8(Isolate* isolate, const char* data,
      |                     ^~~~~~~~~~~
/root/.cache/node-gyp/12.22.1/include/node/v8config.h:328:3: note: in definition of macro 'V8_DEPRECATED'
  328 |   declarator __attribute__((deprecated(message)))
      |   ^~~~~~~~~~
In file included from ../src/bufferutil.cc:15:
../../nan/nan.h: In function 'v8::Local<T> NanNew(P, int) [with T = v8::String; P = unsigned char*]':
../../nan/nan.h:521:21: error: cannot convert 'v8::String::NewStringType' to 'v8::NewStringType'
  521 |       , v8::String::kNormalString
      |         ~~~~~~~~~~~~^~~~~~~~~~~~~
      |                     |
      |                     v8::String::NewStringType
In file included from ../src/bufferutil.cc:7:
/root/.cache/node-gyp/12.22.1/include/node/v8.h:3045:64: note:   initializing argument 3 of 'static v8::MaybeLocal<v8::String> v8::String::NewFromOneByte(v8::Isolate*, const uint8_t*, v8::NewStringType, int)'
 3045 |       Isolate* isolate, const uint8_t* data, v8::NewStringType type,
      |                                              ~~~~~~~~~~~~~~~~~~^~~~
In file included from ../src/bufferutil.cc:15:
../../nan/nan.h: In function 'v8::Local<T> NanNew(P, int) [with T = v8::String; P = const unsigned char*]':
../../nan/nan.h:532:21: error: cannot convert 'v8::String::NewStringType' to 'v8::NewStringType'
  532 |       , v8::String::kNormalString
      |         ~~~~~~~~~~~~^~~~~~~~~~~~~
      |                     |
      |                     v8::String::NewStringType
In file included from ../src/bufferutil.cc:7:
/root/.cache/node-gyp/12.22.1/include/node/v8.h:3045:64: note:   initializing argument 3 of 'static v8::MaybeLocal<v8::String> v8::String::NewFromOneByte(v8::Isolate*, const uint8_t*, v8::NewStringType, int)'
 3045 |       Isolate* isolate, const uint8_t* data, v8::NewStringType type,
      |                                              ~~~~~~~~~~~~~~~~~~^~~~
In file included from ../src/bufferutil.cc:15:
../../nan/nan.h: In function 'v8::Local<T> NanNew(P) [with T = v8::String; P = unsigned char*]':
../../nan/nan.h:538:55: error: no matching function for call to 'v8::String::NewFromOneByte(v8::Isolate*&, uint8_t*&)'
  538 |     return v8::String::NewFromOneByte(nan_isolate, arg);
      |                                                       ^
In file included from ../src/bufferutil.cc:7:
/root/.cache/node-gyp/12.22.1/include/node/v8.h:3044:51: note: candidate: 'static v8::MaybeLocal<v8::String> v8::String::NewFromOneByte(v8::Isolate*, const uint8_t*, v8::NewStringType, int)'
 3044 |   static V8_WARN_UNUSED_RESULT MaybeLocal<String> NewFromOneByte(
      |                                                   ^~~~~~~~~~~~~~
/root/.cache/node-gyp/12.22.1/include/node/v8.h:3044:51: note:   candidate expects 4 arguments, 2 provided
In file included from ../src/bufferutil.cc:15:
../../nan/nan.h: In function 'v8::Local<T> NanNew(P) [with T = v8::String; P = const unsigned char*]':
../../nan/nan.h:544:55: error: no matching function for call to 'v8::String::NewFromOneByte(v8::Isolate*&, const uint8_t*&)'
  544 |     return v8::String::NewFromOneByte(nan_isolate, arg);
      |                                                       ^
In file included from ../src/bufferutil.cc:7:
/root/.cache/node-gyp/12.22.1/include/node/v8.h:3044:51: note: candidate: 'static v8::MaybeLocal<v8::String> v8::String::NewFromOneByte(v8::Isolate*, const uint8_t*, v8::NewStringType, int)'
 3044 |   static V8_WARN_UNUSED_RESULT MaybeLocal<String> NewFromOneByte(
      |                                                   ^~~~~~~~~~~~~~
/root/.cache/node-gyp/12.22.1/include/node/v8.h:3044:51: note:   candidate expects 4 arguments, 2 provided
In file included from ../src/bufferutil.cc:15:
../../nan/nan.h: In function 'v8::Local<T> NanNew(P, int) [with T = v8::String; P = short unsigned int*]':
../../nan/nan.h:555:15: warning: 'static v8::Local<v8::String> v8::String::NewFromTwoByte(v8::Isolate*, const uint16_t*, v8::String::NewStringType, int)' is deprecated: Use maybe version [-Wdeprecated-declarations]
  555 |       , length);
      |               ^
In file included from /root/.cache/node-gyp/12.22.1/include/node/v8-internal.h:14,
                 from /root/.cache/node-gyp/12.22.1/include/node/v8.h:27,
                 from ../src/bufferutil.cc:7:
/root/.cache/node-gyp/12.22.1/include/node/v8.h:3051:21: note: declared here
 3051 |       Local<String> NewFromTwoByte(Isolate* isolate, const uint16_t* data,
      |                     ^~~~~~~~~~~~~~
/root/.cache/node-gyp/12.22.1/include/node/v8config.h:328:3: note: in definition of macro 'V8_DEPRECATED'
  328 |   declarator __attribute__((deprecated(message)))
      |   ^~~~~~~~~~
In file included from ../src/bufferutil.cc:15:
../../nan/nan.h:555:15: warning: 'static v8::Local<v8::String> v8::String::NewFromTwoByte(v8::Isolate*, const uint16_t*, v8::String::NewStringType, int)' is deprecated: Use maybe version [-Wdeprecated-declarations]
  555 |       , length);
      |               ^
In file included from /root/.cache/node-gyp/12.22.1/include/node/v8-internal.h:14,
                 from /root/.cache/node-gyp/12.22.1/include/node/v8.h:27,
                 from ../src/bufferutil.cc:7:
/root/.cache/node-gyp/12.22.1/include/node/v8.h:3051:21: note: declared here
 3051 |       Local<String> NewFromTwoByte(Isolate* isolate, const uint16_t* data,
      |                     ^~~~~~~~~~~~~~
/root/.cache/node-gyp/12.22.1/include/node/v8config.h:328:3: note: in definition of macro 'V8_DEPRECATED'
  328 |   declarator __attribute__((deprecated(message)))
      |   ^~~~~~~~~~
In file included from ../src/bufferutil.cc:15:
../../nan/nan.h: In function 'v8::Local<T> NanNew(P, int) [with T = v8::String; P = const short unsigned int*]':
../../nan/nan.h:566:15: warning: 'static v8::Local<v8::String> v8::String::NewFromTwoByte(v8::Isolate*, const uint16_t*, v8::String::NewStringType, int)' is deprecated: Use maybe version [-Wdeprecated-declarations]
  566 |       , length);
      |               ^
In file included from /root/.cache/node-gyp/12.22.1/include/node/v8-internal.h:14,
                 from /root/.cache/node-gyp/12.22.1/include/node/v8.h:27,
                 from ../src/bufferutil.cc:7:
/root/.cache/node-gyp/12.22.1/include/node/v8.h:3051:21: note: declared here
 3051 |       Local<String> NewFromTwoByte(Isolate* isolate, const uint16_t* data,
      |                     ^~~~~~~~~~~~~~
/root/.cache/node-gyp/12.22.1/include/node/v8config.h:328:3: note: in definition of macro 'V8_DEPRECATED'
  328 |   declarator __attribute__((deprecated(message)))
      |   ^~~~~~~~~~
In file included from ../src/bufferutil.cc:15:
../../nan/nan.h:566:15: warning: 'static v8::Local<v8::String> v8::String::NewFromTwoByte(v8::Isolate*, const uint16_t*, v8::String::NewStringType, int)' is deprecated: Use maybe version [-Wdeprecated-declarations]
  566 |       , length);
      |               ^
In file included from /root/.cache/node-gyp/12.22.1/include/node/v8-internal.h:14,
                 from /root/.cache/node-gyp/12.22.1/include/node/v8.h:27,
                 from ../src/bufferutil.cc:7:
/root/.cache/node-gyp/12.22.1/include/node/v8.h:3051:21: note: declared here
 3051 |       Local<String> NewFromTwoByte(Isolate* isolate, const uint16_t* data,
      |                     ^~~~~~~~~~~~~~
/root/.cache/node-gyp/12.22.1/include/node/v8config.h:328:3: note: in definition of macro 'V8_DEPRECATED'
  328 |   declarator __attribute__((deprecated(message)))
      |   ^~~~~~~~~~
In file included from ../src/bufferutil.cc:15:
../../nan/nan.h: In function 'v8::Local<T> NanNew(P) [with T = v8::String; P = short unsigned int*]':
../../nan/nan.h:571:55: warning: 'static v8::Local<v8::String> v8::String::NewFromTwoByte(v8::Isolate*, const uint16_t*, v8::String::NewStringType, int)' is deprecated: Use maybe version [-Wdeprecated-declarations]
  571 |     return v8::String::NewFromTwoByte(nan_isolate, arg);
      |                                                       ^
In file included from /root/.cache/node-gyp/12.22.1/include/node/v8-internal.h:14,
                 from /root/.cache/node-gyp/12.22.1/include/node/v8.h:27,
                 from ../src/bufferutil.cc:7:
/root/.cache/node-gyp/12.22.1/include/node/v8.h:3051:21: note: declared here
 3051 |       Local<String> NewFromTwoByte(Isolate* isolate, const uint16_t* data,
      |                     ^~~~~~~~~~~~~~
/root/.cache/node-gyp/12.22.1/include/node/v8config.h:328:3: note: in definition of macro 'V8_DEPRECATED'
  328 |   declarator __attribute__((deprecated(message)))
      |   ^~~~~~~~~~
In file included from ../src/bufferutil.cc:15:
../../nan/nan.h:571:55: warning: 'static v8::Local<v8::String> v8::String::NewFromTwoByte(v8::Isolate*, const uint16_t*, v8::String::NewStringType, int)' is deprecated: Use maybe version [-Wdeprecated-declarations]
  571 |     return v8::String::NewFromTwoByte(nan_isolate, arg);
      |                                                       ^
In file included from /root/.cache/node-gyp/12.22.1/include/node/v8-internal.h:14,
                 from /root/.cache/node-gyp/12.22.1/include/node/v8.h:27,
                 from ../src/bufferutil.cc:7:
/root/.cache/node-gyp/12.22.1/include/node/v8.h:3051:21: note: declared here
 3051 |       Local<String> NewFromTwoByte(Isolate* isolate, const uint16_t* data,
      |                     ^~~~~~~~~~~~~~
/root/.cache/node-gyp/12.22.1/include/node/v8config.h:328:3: note: in definition of macro 'V8_DEPRECATED'
  328 |   declarator __attribute__((deprecated(message)))
      |   ^~~~~~~~~~
In file included from ../src/bufferutil.cc:15:
../../nan/nan.h: In function 'v8::Local<T> NanNew(P) [with T = v8::String; P = const short unsigned int*]':
../../nan/nan.h:577:55: warning: 'static v8::Local<v8::String> v8::String::NewFromTwoByte(v8::Isolate*, const uint16_t*, v8::String::NewStringType, int)' is deprecated: Use maybe version [-Wdeprecated-declarations]
  577 |     return v8::String::NewFromTwoByte(nan_isolate, arg);
      |                                                       ^
In file included from /root/.cache/node-gyp/12.22.1/include/node/v8-internal.h:14,
                 from /root/.cache/node-gyp/12.22.1/include/node/v8.h:27,
                 from ../src/bufferutil.cc:7:
/root/.cache/node-gyp/12.22.1/include/node/v8.h:3051:21: note: declared here
 3051 |       Local<String> NewFromTwoByte(Isolate* isolate, const uint16_t* data,
      |                     ^~~~~~~~~~~~~~
/root/.cache/node-gyp/12.22.1/include/node/v8config.h:328:3: note: in definition of macro 'V8_DEPRECATED'
  328 |   declarator __attribute__((deprecated(message)))
      |   ^~~~~~~~~~
In file included from ../src/bufferutil.cc:15:
../../nan/nan.h:577:55: warning: 'static v8::Local<v8::String> v8::String::NewFromTwoByte(v8::Isolate*, const uint16_t*, v8::String::NewStringType, int)' is deprecated: Use maybe version [-Wdeprecated-declarations]
  577 |     return v8::String::NewFromTwoByte(nan_isolate, arg);
      |                                                       ^
In file included from /root/.cache/node-gyp/12.22.1/include/node/v8-internal.h:14,
                 from /root/.cache/node-gyp/12.22.1/include/node/v8.h:27,
                 from ../src/bufferutil.cc:7:
/root/.cache/node-gyp/12.22.1/include/node/v8.h:3051:21: note: declared here
 3051 |       Local<String> NewFromTwoByte(Isolate* isolate, const uint16_t* data,
      |                     ^~~~~~~~~~~~~~
/root/.cache/node-gyp/12.22.1/include/node/v8config.h:328:3: note: in definition of macro 'V8_DEPRECATED'
  328 |   declarator __attribute__((deprecated(message)))
      |   ^~~~~~~~~~
In file included from ../src/bufferutil.cc:15:
../../nan/nan.h: At global scope:
../../nan/nan.h:586:20: error: variable or field 'NanAddGCEpilogueCallback' declared void
  586 |       v8::Isolate::GCEpilogueCallback callback
      |                    ^~~~~~~~~~~~~~~~~~
../../nan/nan.h:586:20: error: 'GCEpilogueCallback' is not a member of 'v8::Isolate'
../../nan/nan.h:587:18: error: expected primary-expression before 'gc_type_filter'
  587 |     , v8::GCType gc_type_filter = v8::kGCTypeAll) {
      |                  ^~~~~~~~~~~~~~
../../nan/nan.h:592:20: error: variable or field 'NanRemoveGCEpilogueCallback' declared void
  592 |       v8::Isolate::GCEpilogueCallback callback) {
      |                    ^~~~~~~~~~~~~~~~~~
../../nan/nan.h:592:20: error: 'GCEpilogueCallback' is not a member of 'v8::Isolate'
../../nan/nan.h:597:20: error: variable or field 'NanAddGCPrologueCallback' declared void
  597 |       v8::Isolate::GCPrologueCallback callback
      |                    ^~~~~~~~~~~~~~~~~~
../../nan/nan.h:597:20: error: 'GCPrologueCallback' is not a member of 'v8::Isolate'
../../nan/nan.h:598:18: error: expected primary-expression before 'gc_type_filter'
  598 |     , v8::GCType gc_type_filter = v8::kGCTypeAll) {
      |                  ^~~~~~~~~~~~~~
../../nan/nan.h:603:20: error: variable or field 'NanRemoveGCPrologueCallback' declared void
  603 |       v8::Isolate::GCPrologueCallback callback) {
      |                    ^~~~~~~~~~~~~~~~~~
../../nan/nan.h:603:20: error: 'GCPrologueCallback' is not a member of 'v8::Isolate'
../../nan/nan.h:617:11: error: 'v8::Handle' has not been declared
  617 |     , v8::Handle<T> obj) {
      |           ^~~~~~
../../nan/nan.h:617:17: error: expected ',' or '...' before '<' token
  617 |     , v8::Handle<T> obj) {
      |                 ^
../../nan/nan.h: In function 'void NanAssignPersistent(v8::Persistent<T, v8::NonCopyablePersistentTraits<T> >&, int)':
../../nan/nan.h:618:33: error: 'obj' was not declared in this scope
  618 |       handle.Reset(nan_isolate, obj);
      |                                 ^~~
../../nan/nan.h: At global scope:
../../nan/nan.h:631:17: error: 'WeakCallbackData' in namespace 'v8' does not name a template type; did you mean 'WeakCallbackType'?
  631 |       const v8::WeakCallbackData<T, _NanWeakCallbackInfo<T, P> >& data);
      |                 ^~~~~~~~~~~~~~~~
      |                 WeakCallbackType
../../nan/nan.h:631:33: error: expected ',' or '...' before '<' token
  631 |       const v8::WeakCallbackData<T, _NanWeakCallbackInfo<T, P> >& data);
      |                                 ^
../../nan/nan.h:632:36: error: expected ')' before '<' token
  632 |     _NanWeakCallbackInfo(v8::Handle<T> handle, P* param, Callback cb)
      |                         ~          ^
      |                                    )
../../nan/nan.h:696:9: error: variable or field 'NanMakeWeakPersistent' declared void
  696 |     v8::Handle<T> handle
      |         ^~~~~~
../../nan/nan.h:696:9: error: 'Handle' is not a member of 'v8'
../../nan/nan.h:696:17: error: expected primary-expression before '>' token
  696 |     v8::Handle<T> handle
      |                 ^
../../nan/nan.h:696:19: error: 'handle' was not declared in this scope
  696 |     v8::Handle<T> handle
      |                   ^~~~~~
../../nan/nan.h:697:6: error: expected primary-expression before '*' token
  697 |   , P* parameter
      |      ^
../../nan/nan.h:697:8: error: 'parameter' was not declared in this scope
  697 |   , P* parameter
      |        ^~~~~~~~~
../../nan/nan.h:698:51: error: expected '(' before 'callback'
  698 |   , typename _NanWeakCallbackInfo<T, P>::Callback callback) {
      |                                                   ^~~~~~~~
      |                                                   (
../../nan/nan.h:720:37: error: variable or field 'NanThrowError' declared void
  720 |   NAN_INLINE void NanThrowError(v8::Handle<v8::Value> error) {
      |                                     ^~~~~~
../../nan/nan.h:720:37: error: 'Handle' is not a member of 'v8'
../../nan/nan.h:720:53: error: expected primary-expression before '>' token
  720 |   NAN_INLINE void NanThrowError(v8::Handle<v8::Value> error) {
      |                                                     ^
../../nan/nan.h:720:55: error: 'error' was not declared in this scope; did you mean 'herror'?
  720 |   NAN_INLINE void NanThrowError(v8::Handle<v8::Value> error) {
      |                                                       ^~~~~
      |                                                       herror
../../nan/nan.h: In function 'v8::Local<v8::Value> NanError(const char*, int)':
../../nan/nan.h:731:65: warning: 'bool v8::Object::Set(v8::Local<v8::Value>, v8::Local<v8::Value>)' is deprecated: Use maybe version [-Wdeprecated-declarations]
  731 |     obj->Set(NanSymbol("code"), NanNew<v8::Integer>(errorNumber));
      |                                                                 ^
In file included from /root/.cache/node-gyp/12.22.1/include/node/v8-internal.h:14,
                 from /root/.cache/node-gyp/12.22.1/include/node/v8.h:27,
                 from ../src/bufferutil.cc:7:
/root/.cache/node-gyp/12.22.1/include/node/v8.h:3499:22: note: declared here
 3499 |                 bool Set(Local<Value> key, Local<Value> value));
      |                      ^~~
/root/.cache/node-gyp/12.22.1/include/node/v8config.h:328:3: note: in definition of macro 'V8_DEPRECATED'
  328 |   declarator __attribute__((deprecated(message)))
      |   ^~~~~~~~~~
In file included from ../src/bufferutil.cc:15:
../../nan/nan.h: In function 'void NanThrowError(const char*, int)':
../../nan/nan.h:739:45: error: no matching function for call to 'NanThrowError(v8::Local<v8::Value>)'
  739 |     NanThrowError(NanError(msg, errorNumber));
      |                                             ^
../../nan/nan.h:716:19: note: candidate: 'void NanThrowError(const char*)'
  716 |   NAN_INLINE void NanThrowError(const char* errmsg) {
      |                   ^~~~~~~~~~~~~
../../nan/nan.h:716:45: note:   no known conversion for argument 1 from 'v8::Local<v8::Value>' to 'const char*'
  716 |   NAN_INLINE void NanThrowError(const char* errmsg) {
      |                                 ~~~~~~~~~~~~^~~~~~
../../nan/nan.h:735:19: note: candidate: 'void NanThrowError(const char*, int)'
  735 |   NAN_INLINE void NanThrowError(
      |                   ^~~~~~~~~~~~~
../../nan/nan.h:735:19: note:   candidate expects 2 arguments, 1 provided
../../nan/nan.h: At global scope:
../../nan/nan.h:767:13: error: 'node::smalloc' has not been declared
  767 |     , node::smalloc::FreeCallback callback
      |             ^~~~~~~
../../nan/nan.h:767:35: error: expected ',' or '...' before 'callback'
  767 |     , node::smalloc::FreeCallback callback
      |                                   ^~~~~~~~
../../nan/nan.h: In function 'v8::Local<v8::Object> NanNewBufferHandle(char*, size_t, int)':
../../nan/nan.h:770:57: error: 'callback' was not declared in this scope; did you mean 'calloc'?
  770 |     return node::Buffer::New(nan_isolate, data, length, callback, hint);
      |                                                         ^~~~~~~~
      |                                                         calloc
../../nan/nan.h:770:67: error: 'hint' was not declared in this scope; did you mean 'uint'?
  770 |     return node::Buffer::New(nan_isolate, data, length, callback, hint);
      |                                                                   ^~~~
      |                                                                   uint
../../nan/nan.h: In function 'v8::Local<v8::Object> NanNewBufferHandle(const char*, uint32_t)':
../../nan/nan.h:777:43: error: invalid conversion from 'const char*' to 'char*' [-fpermissive]
  777 |     return node::Buffer::New(nan_isolate, data, size);
      |                                           ^~~~
      |                                           |
      |                                           const char*
In file included from ../src/bufferutil.cc:9:
/root/.cache/node-gyp/12.22.1/include/node/node_buffer.h:65:50: note:   initializing argument 2 of 'v8::MaybeLocal<v8::Object> node::Buffer::New(v8::Isolate*, char*, size_t)'
   65 |                                            char* data,
      |                                            ~~~~~~^~~~
In file included from ../src/bufferutil.cc:15:
../../nan/nan.h:777:29: error: could not convert 'node::Buffer::New(nan_isolate, ((char*)data), ((size_t)size))' from 'v8::MaybeLocal<v8::Object>' to 'v8::Local<v8::Object>'
  777 |     return node::Buffer::New(nan_isolate, data, size);
      |            ~~~~~~~~~~~~~~~~~^~~~~~~~~~~~~~~~~~~~~~~~~
      |                             |
      |                             v8::MaybeLocal<v8::Object>
../../nan/nan.h: In function 'v8::Local<v8::Object> NanNewBufferHandle(uint32_t)':
../../nan/nan.h:781:29: error: could not convert 'node::Buffer::New(nan_isolate, ((size_t)size))' from 'v8::MaybeLocal<v8::Object>' to 'v8::Local<v8::Object>'
  781 |     return node::Buffer::New(nan_isolate, size);
      |            ~~~~~~~~~~~~~~~~~^~~~~~~~~~~~~~~~~~~
      |                             |
      |                             v8::MaybeLocal<v8::Object>
../../nan/nan.h: In function 'v8::Local<v8::Object> NanBufferUse(char*, uint32_t)':
../../nan/nan.h:788:26: error: 'Use' is not a member of 'node::Buffer'
  788 |     return node::Buffer::Use(nan_isolate, data, size);
      |                          ^~~
../../nan/nan.h: At global scope:
../../nan/nan.h:793:11: error: 'v8::Handle' has not been declared
  793 |     , v8::Handle<v8::Value> value
      |           ^~~~~~
../../nan/nan.h:793:17: error: expected ',' or '...' before '<' token
  793 |     , v8::Handle<v8::Value> value
      |                 ^
../../nan/nan.h: In function 'bool NanHasInstance(v8::Persistent<v8::FunctionTemplate>&, int)':
../../nan/nan.h:795:51: error: 'value' was not declared in this scope
  795 |     return NanNew(function_template)->HasInstance(value);
      |                                                   ^~~~~
../../nan/nan.h: At global scope:
../../nan/nan.h:800:11: error: 'v8::Handle' has not been declared
  800 |     , v8::Handle<v8::ObjectTemplate> tmpl = v8::Handle<v8::ObjectTemplate>()
      |           ^~~~~~
../../nan/nan.h:800:17: error: expected ',' or '...' before '<' token
  800 |     , v8::Handle<v8::ObjectTemplate> tmpl = v8::Handle<v8::ObjectTemplate>()
      |                 ^
../../nan/nan.h:800:7: error: default argument missing for parameter 2 of 'v8::Local<v8::Context> NanNewContextHandle(v8::ExtensionConfiguration*, int)'
  800 |     , v8::Handle<v8::ObjectTemplate> tmpl = v8::Handle<v8::ObjectTemplate>()
      |       ^~~~~~~~~~
../../nan/nan.h:799:35: note: ...following parameter 1 which has a default argument
  799 |       v8::ExtensionConfiguration* extensions = NULL
      |                                   ^
../../nan/nan.h: In function 'v8::Local<v8::Context> NanNewContextHandle(v8::ExtensionConfiguration*, int)':
../../nan/nan.h:805:51: error: 'tmpl' was not declared in this scope; did you mean 'tm'?
  805 |       , v8::Context::New(nan_isolate, extensions, tmpl, obj)
      |                                                   ^~~~
      |                                                   tm
../../nan/nan.h:805:57: error: 'obj' was not declared in this scope
  805 |       , v8::Context::New(nan_isolate, extensions, tmpl, obj)
      |                                                         ^~~
../../nan/nan.h: In function 'v8::Local<v8::Script> NanCompileScript(v8::Local<v8::String>, const v8::ScriptOrigin&)':
../../nan/nan.h:814:60: error: no matching function for call to 'v8::ScriptCompiler::Compile(v8::Isolate*&, v8::ScriptCompiler::Source*)'
  814 |     return v8::ScriptCompiler::Compile(nan_isolate, &source);
      |                                                            ^
In file included from ../src/bufferutil.cc:7:
/root/.cache/node-gyp/12.22.1/include/node/v8.h:1753:51: note: candidate: 'static v8::MaybeLocal<v8::Script> v8::ScriptCompiler::Compile(v8::Local<v8::Context>, v8::ScriptCompiler::Source*, v8::ScriptCompiler::CompileOptions, v8::ScriptCompiler::NoCacheReason)'
 1753 |   static V8_WARN_UNUSED_RESULT MaybeLocal<Script> Compile(
      |                                                   ^~~~~~~
/root/.cache/node-gyp/12.22.1/include/node/v8.h:1754:22: note:   no known conversion for argument 1 from 'v8::Isolate*' to 'v8::Local<v8::Context>'
 1754 |       Local<Context> context, Source* source,
      |       ~~~~~~~~~~~~~~~^~~~~~~
/root/.cache/node-gyp/12.22.1/include/node/v8.h:1780:51: note: candidate: 'static v8::MaybeLocal<v8::Script> v8::ScriptCompiler::Compile(v8::Local<v8::Context>, v8::ScriptCompiler::StreamedSource*, v8::Local<v8::String>, const v8::ScriptOrigin&)'
 1780 |   static V8_WARN_UNUSED_RESULT MaybeLocal<Script> Compile(
      |                                                   ^~~~~~~
/root/.cache/node-gyp/12.22.1/include/node/v8.h:1780:51: note:   candidate expects 4 arguments, 2 provided
In file included from ../src/bufferutil.cc:15:
../../nan/nan.h: In function 'v8::Local<v8::Script> NanCompileScript(v8::Local<v8::String>)':
../../nan/nan.h:821:60: error: no matching function for call to 'v8::ScriptCompiler::Compile(v8::Isolate*&, v8::ScriptCompiler::Source*)'
  821 |     return v8::ScriptCompiler::Compile(nan_isolate, &source);
      |                                                            ^
In file included from ../src/bufferutil.cc:7:
/root/.cache/node-gyp/12.22.1/include/node/v8.h:1753:51: note: candidate: 'static v8::MaybeLocal<v8::Script> v8::ScriptCompiler::Compile(v8::Local<v8::Context>, v8::ScriptCompiler::Source*, v8::ScriptCompiler::CompileOptions, v8::ScriptCompiler::NoCacheReason)'
 1753 |   static V8_WARN_UNUSED_RESULT MaybeLocal<Script> Compile(
      |                                                   ^~~~~~~
/root/.cache/node-gyp/12.22.1/include/node/v8.h:1754:22: note:   no known conversion for argument 1 from 'v8::Isolate*' to 'v8::Local<v8::Context>'
 1754 |       Local<Context> context, Source* source,
      |       ~~~~~~~~~~~~~~~^~~~~~~
/root/.cache/node-gyp/12.22.1/include/node/v8.h:1780:51: note: candidate: 'static v8::MaybeLocal<v8::Script> v8::ScriptCompiler::Compile(v8::Local<v8::Context>, v8::ScriptCompiler::StreamedSource*, v8::Local<v8::String>, const v8::ScriptOrigin&)'
 1780 |   static V8_WARN_UNUSED_RESULT MaybeLocal<Script> Compile(
      |                                                   ^~~~~~~
/root/.cache/node-gyp/12.22.1/include/node/v8.h:1780:51: note:   candidate expects 4 arguments, 2 provided
In file included from ../src/bufferutil.cc:15:
../../nan/nan.h: In function 'v8::Local<v8::Value> NanRunScript(v8::Local<v8::UnboundScript>)':
../../nan/nan.h:827:48: error: no matching function for call to 'v8::Script::Run()'
  827 |     return script->BindToCurrentContext()->Run();
      |                                                ^
In file included from ../src/bufferutil.cc:7:
/root/.cache/node-gyp/12.22.1/include/node/v8.h:1509:43: note: candidate: 'v8::MaybeLocal<v8::Value> v8::Script::Run(v8::Local<v8::Context>)'
 1509 |   V8_WARN_UNUSED_RESULT MaybeLocal<Value> Run(Local<Context> context);
      |                                           ^~~
/root/.cache/node-gyp/12.22.1/include/node/v8.h:1509:43: note:   candidate expects 1 argument, 0 provided
In file included from ../src/bufferutil.cc:15:
../../nan/nan.h: In function 'v8::Local<v8::Value> NanRunScript(v8::Local<v8::Script>)':
../../nan/nan.h:833:24: error: no matching function for call to 'v8::Script::Run()'
  833 |     return script->Run();
      |                        ^
In file included from ../src/bufferutil.cc:7:
/root/.cache/node-gyp/12.22.1/include/node/v8.h:1509:43: note: candidate: 'v8::MaybeLocal<v8::Value> v8::Script::Run(v8::Local<v8::Context>)'
 1509 |   V8_WARN_UNUSED_RESULT MaybeLocal<Value> Run(Local<Context> context);
      |                                           ^~~
/root/.cache/node-gyp/12.22.1/include/node/v8.h:1509:43: note:   candidate expects 1 argument, 0 provided
In file included from ../src/bufferutil.cc:15:
../../nan/nan.h: At global scope:
../../nan/nan.h:1443:34: error: 'Handle' in namespace 'v8' does not name a template type
 1443 |   explicit NanCallback(const v8::Handle<v8::Function> &fn) {
      |                                  ^~~~~~
../../nan/nan.h:1443:40: error: expected ',' or '...' before '<' token
 1443 |   explicit NanCallback(const v8::Handle<v8::Function> &fn) {
      |                                        ^
../../nan/nan.h:1455:41: error: 'Handle' in namespace 'v8' does not name a template type
 1455 |   NAN_INLINE void SetFunction(const v8::Handle<v8::Function> &fn) {
      |                                         ^~~~~~
../../nan/nan.h:1455:47: error: expected ',' or '...' before '<' token
 1455 |   NAN_INLINE void SetFunction(const v8::Handle<v8::Function> &fn) {
      |                                               ^
../../nan/nan.h:1465:27: error: 'v8::Handle' has not been declared
 1465 |   void Call(int argc, v8::Handle<v8::Value> argv[]) {
      |                           ^~~~~~
../../nan/nan.h:1465:33: error: expected ',' or '...' before '<' token
 1465 |   void Call(int argc, v8::Handle<v8::Value> argv[]) {
      |                                 ^
../../nan/nan.h: In constructor 'NanCallback::NanCallback()':
../../nan/nan.h:1440:36: error: no matching function for call to 'NanAssignPersistent(v8::Persistent<v8::Object>&, v8::Local<v8::Object>&)'
 1440 |     NanAssignPersistent(handle, obj);
      |                                    ^
../../nan/nan.h:615:19: note: candidate: 'template<class T> void NanAssignPersistent(v8::Persistent<T, v8::NonCopyablePersistentTraits<T> >&, int)'
  615 |   NAN_INLINE void NanAssignPersistent(
      |                   ^~~~~~~~~~~~~~~~~~~
../../nan/nan.h:615:19: note:   template argument deduction/substitution failed:
../../nan/nan.h:1440:33: note:   cannot convert 'obj' (type 'v8::Local<v8::Object>') to type 'int'
 1440 |     NanAssignPersistent(handle, obj);
      |                                 ^~~
../../nan/nan.h:622:19: note: candidate: 'template<class T> void NanAssignPersistent(v8::Persistent<T, v8::NonCopyablePersistentTraits<T> >&, const v8::Persistent<T, v8::NonCopyablePersistentTraits<T> >&)'
  622 |   NAN_INLINE void NanAssignPersistent(
      |                   ^~~~~~~~~~~~~~~~~~~
../../nan/nan.h:622:19: note:   template argument deduction/substitution failed:
../../nan/nan.h:1440:36: note:   'v8::Local<v8::Object>' is not derived from 'const v8::Persistent<T, v8::NonCopyablePersistentTraits<T> >'
 1440 |     NanAssignPersistent(handle, obj);
      |                                    ^
../../nan/nan.h: In constructor 'NanCallback::NanCallback(int)':
../../nan/nan.h:1446:36: error: no matching function for call to 'NanAssignPersistent(v8::Persistent<v8::Object>&, v8::Local<v8::Object>&)'
 1446 |     NanAssignPersistent(handle, obj);
      |                                    ^
../../nan/nan.h:615:19: note: candidate: 'template<class T> void NanAssignPersistent(v8::Persistent<T, v8::NonCopyablePersistentTraits<T> >&, int)'
  615 |   NAN_INLINE void NanAssignPersistent(
      |                   ^~~~~~~~~~~~~~~~~~~
../../nan/nan.h:615:19: note:   template argument deduction/substitution failed:
../../nan/nan.h:1446:33: note:   cannot convert 'obj' (type 'v8::Local<v8::Object>') to type 'int'
 1446 |     NanAssignPersistent(handle, obj);
      |                                 ^~~
../../nan/nan.h:622:19: note: candidate: 'template<class T> void NanAssignPersistent(v8::Persistent<T, v8::NonCopyablePersistentTraits<T> >&, const v8::Persistent<T, v8::NonCopyablePersistentTraits<T> >&)'
  622 |   NAN_INLINE void NanAssignPersistent(
      |                   ^~~~~~~~~~~~~~~~~~~
../../nan/nan.h:622:19: note:   template argument deduction/substitution failed:
../../nan/nan.h:1446:36: note:   'v8::Local<v8::Object>' is not derived from 'const v8::Persistent<T, v8::NonCopyablePersistentTraits<T> >'
 1446 |     NanAssignPersistent(handle, obj);
      |                                    ^
../../nan/nan.h:1447:17: error: 'fn' was not declared in this scope
 1447 |     SetFunction(fn);
      |                 ^~
../../nan/nan.h: In member function 'void NanCallback::SetFunction(int)':
../../nan/nan.h:1457:48: error: 'fn' was not declared in this scope
 1457 |     NanNew(handle)->Set(NanSymbol("callback"), fn);
      |                                                ^~
../../nan/nan.h: In member function 'v8::Local<v8::Function> NanCallback::GetFunction()':
../../nan/nan.h:1461:53: warning: 'v8::Local<v8::Value> v8::Object::Get(v8::Local<v8::Value>)' is deprecated: Use maybe version [-Wdeprecated-declarations]
 1461 |     return NanNew(handle)->Get(NanSymbol("callback"))
      |                                                     ^
In file included from /root/.cache/node-gyp/12.22.1/include/node/v8-internal.h:14,
                 from /root/.cache/node-gyp/12.22.1/include/node/v8.h:27,
                 from ../src/bufferutil.cc:7:
/root/.cache/node-gyp/12.22.1/include/node/v8.h:3553:51: note: declared here
 3553 |   V8_DEPRECATED("Use maybe version", Local<Value> Get(Local<Value> key));
      |                                                   ^~~
/root/.cache/node-gyp/12.22.1/include/node/v8config.h:328:3: note: in definition of macro 'V8_DEPRECATED'
  328 |   declarator __attribute__((deprecated(message)))
      |   ^~~~~~~~~~
In file included from ../src/bufferutil.cc:15:
../../nan/nan.h: In member function 'void NanCallback::Call(int, int)':
../../nan/nan.h:1469:34: warning: 'v8::Local<v8::Value> v8::Object::Get(v8::Local<v8::Value>)' is deprecated: Use maybe version [-Wdeprecated-declarations]
 1469 |         Get(NanSymbol("callback")).As<v8::Function>();
      |                                  ^
In file included from /root/.cache/node-gyp/12.22.1/include/node/v8-internal.h:14,
                 from /root/.cache/node-gyp/12.22.1/include/node/v8.h:27,
                 from ../src/bufferutil.cc:7:
/root/.cache/node-gyp/12.22.1/include/node/v8.h:3553:51: note: declared here
 3553 |   V8_DEPRECATED("Use maybe version", Local<Value> Get(Local<Value> key));
      |                                                   ^~~
/root/.cache/node-gyp/12.22.1/include/node/v8config.h:328:3: note: in definition of macro 'V8_DEPRECATED'
  328 |   declarator __attribute__((deprecated(message)))
      |   ^~~~~~~~~~
In file included from ../src/bufferutil.cc:15:
../../nan/nan.h:1475:9: error: 'argv' was not declared in this scope; did you mean 'argc'?
 1475 |       , argv
      |         ^~~~
      |         argc
../../nan/nan.h: In constructor 'NanAsyncWorker::NanAsyncWorker(NanCallback*)':
../../nan/nan.h:1505:46: error: no matching function for call to 'NanAssignPersistent(v8::Persistent<v8::Object>&, v8::Local<v8::Object>&)'
 1505 |     NanAssignPersistent(persistentHandle, obj);
      |                                              ^
../../nan/nan.h:615:19: note: candidate: 'template<class T> void NanAssignPersistent(v8::Persistent<T, v8::NonCopyablePersistentTraits<T> >&, int)'
  615 |   NAN_INLINE void NanAssignPersistent(
      |                   ^~~~~~~~~~~~~~~~~~~
../../nan/nan.h:615:19: note:   template argument deduction/substitution failed:
../../nan/nan.h:1505:43: note:   cannot convert 'obj' (type 'v8::Local<v8::Object>') to type 'int'
 1505 |     NanAssignPersistent(persistentHandle, obj);
      |                                           ^~~
../../nan/nan.h:622:19: note: candidate: 'template<class T> void NanAssignPersistent(v8::Persistent<T, v8::NonCopyablePersistentTraits<T> >&, const v8::Persistent<T, v8::NonCopyablePersistentTraits<T> >&)'
  622 |   NAN_INLINE void NanAssignPersistent(
      |                   ^~~~~~~~~~~~~~~~~~~
../../nan/nan.h:622:19: note:   template argument deduction/substitution failed:
../../nan/nan.h:1505:46: note:   'v8::Local<v8::Object>' is not derived from 'const v8::Persistent<T, v8::NonCopyablePersistentTraits<T> >'
 1505 |     NanAssignPersistent(persistentHandle, obj);
      |                                              ^
../../nan/nan.h: In member function 'void NanAsyncWorker::SaveToPersistent(const char*, v8::Local<v8::Object>&)':
../../nan/nan.h:1532:36: warning: 'bool v8::Object::Set(v8::Local<v8::Value>, v8::Local<v8::Value>)' is deprecated: Use maybe version [-Wdeprecated-declarations]
 1532 |     handle->Set(NanSymbol(key), obj);
      |                                    ^
In file included from /root/.cache/node-gyp/12.22.1/include/node/v8-internal.h:14,
                 from /root/.cache/node-gyp/12.22.1/include/node/v8.h:27,
                 from ../src/bufferutil.cc:7:
/root/.cache/node-gyp/12.22.1/include/node/v8.h:3499:22: note: declared here
 3499 |                 bool Set(Local<Value> key, Local<Value> value));
      |                      ^~~
/root/.cache/node-gyp/12.22.1/include/node/v8config.h:328:3: note: in definition of macro 'V8_DEPRECATED'
  328 |   declarator __attribute__((deprecated(message)))
      |   ^~~~~~~~~~
In file included from ../src/bufferutil.cc:15:
../../nan/nan.h: In member function 'v8::Local<v8::Object> NanAsyncWorker::GetFromPersistent(const char*)':
../../nan/nan.h:1538:53: warning: 'v8::Local<v8::Value> v8::Object::Get(v8::Local<v8::Value>)' is deprecated: Use maybe version [-Wdeprecated-declarations]
 1538 |     return NanEscapeScope(handle->Get(NanSymbol(key)).As<v8::Object>());
      |                                                     ^
../../nan/nan.h:684:43: note: in definition of macro 'NanEscapeScope'
  684 | # define NanEscapeScope(val) scope.Escape(val)
      |                                           ^~~
In file included from /root/.cache/node-gyp/12.22.1/include/node/v8-internal.h:14,
                 from /root/.cache/node-gyp/12.22.1/include/node/v8.h:27,
                 from ../src/bufferutil.cc:7:
/root/.cache/node-gyp/12.22.1/include/node/v8.h:3553:51: note: declared here
 3553 |   V8_DEPRECATED("Use maybe version", Local<Value> Get(Local<Value> key));
      |                                                   ^~~
/root/.cache/node-gyp/12.22.1/include/node/v8config.h:328:3: note: in definition of macro 'V8_DEPRECATED'
  328 |   declarator __attribute__((deprecated(message)))
      |   ^~~~~~~~~~
In file included from ../src/bufferutil.cc:15:
../../nan/nan.h: In member function 'virtual void NanAsyncWorker::HandleErrorCallback()':
../../nan/nan.h:1562:23: error: invalid conversion from 'v8::Local<v8::Value>*' to 'int' [-fpermissive]
 1562 |     callback->Call(1, argv);
      |                       ^~~~
      |                       |
      |                       v8::Local<v8::Value>*
../../nan/nan.h:1465:23: note:   initializing argument 2 of 'void NanCallback::Call(int, int)'
 1465 |   void Call(int argc, v8::Handle<v8::Value> argv[]) {
      |                       ^~~~~~~~~~
../../nan/nan.h: In function 'void NanAsyncQueueWorker(NanAsyncWorker*)':
../../nan/nan.h:1582:25: warning: cast between incompatible function types from 'void (*)(uv_work_t*)' {aka 'void (*)(uv_work_s*)'} to 'uv_after_work_cb' {aka 'void (*)(uv_work_s*, int)'} [-Wcast-function-type]
 1582 |     , (uv_after_work_cb)NanAsyncExecuteComplete
      |                         ^~~~~~~~~~~~~~~~~~~~~~~
../../nan/nan.h: At global scope:
../../nan/nan.h:1715:9: error: 'Handle' is not a member of 'v8'
 1715 |     v8::Handle<v8::Value> val
      |         ^~~~~~
../../nan/nan.h:1715:25: error: expected primary-expression before '>' token
 1715 |     v8::Handle<v8::Value> val
      |                         ^
../../nan/nan.h:1715:27: error: 'val' was not declared in this scope
 1715 |     v8::Handle<v8::Value> val
      |                           ^~~
../../nan/nan.h:1716:5: error: expected primary-expression before 'const'
 1716 |   , const char** data
      |     ^~~~~
../../nan/nan.h:1717:11: error: expected primary-expression before '*' token
 1717 |   , size_t* len
      |           ^
../../nan/nan.h:1717:13: error: 'len' was not declared in this scope
 1717 |   , size_t* len
      |             ^~~
../../nan/nan.h:1718:1: error: expression list treated as compound expression in initializer [-fpermissive]
 1718 | ) {
      | ^
../../nan/nan.h:164:21: warning: inline variables are only available with '-std=c++17' or '-std=gnu++17'
  164 | # define NAN_INLINE inline __attribute__((always_inline))
      |                     ^~~~~~
../../nan/nan.h:1750:1: note: in expansion of macro 'NAN_INLINE'
 1750 | NAN_INLINE void* NanRawString(
      | ^~~~~~~~~~
../../nan/nan.h:1751:9: warning: 'always_inline' attribute ignored [-Wattributes]
 1751 |     v8::Handle<v8::Value> from
      |         ^~~~~~
../../nan/nan.h:1751:9: error: 'Handle' is not a member of 'v8'
../../nan/nan.h:1751:25: error: expected primary-expression before '>' token
 1751 |     v8::Handle<v8::Value> from
      |                         ^
../../nan/nan.h:1751:27: error: 'from' was not declared in this scope
 1751 |     v8::Handle<v8::Value> from
      |                           ^~~~
../../nan/nan.h:1752:5: error: expected primary-expression before 'enum'
 1752 |   , enum Nan::Encoding encoding
      |     ^~~~
../../nan/nan.h:1753:12: error: expected primary-expression before '*' token
 1753 |   , size_t *datalen
      |            ^
../../nan/nan.h:1753:13: error: 'datalen' was not declared in this scope
 1753 |   , size_t *datalen
      |             ^~~~~~~
../../nan/nan.h:1754:5: error: expected primary-expression before 'void'
 1754 |   , void *buf
      |     ^~~~
../../nan/nan.h:1755:12: error: expected primary-expression before 'buflen'
 1755 |   , size_t buflen
      |            ^~~~~~
../../nan/nan.h:1756:5: error: expected primary-expression before 'int'
 1756 |   , int flags
      |     ^~~
../../nan/nan.h:1757:1: error: expression list treated as compound expression in initializer [-fpermissive]
 1757 | ) {
      | ^
../../nan/nan.h:164:21: warning: inline variables are only available with '-std=c++17' or '-std=gnu++17'
  164 | # define NAN_INLINE inline __attribute__((always_inline))
      |                     ^~~~~~
../../nan/nan.h:1898:1: note: in expansion of macro 'NAN_INLINE'
 1898 | NAN_INLINE char* NanCString(
      | ^~~~~~~~~~
../../nan/nan.h:1899:9: warning: 'always_inline' attribute ignored [-Wattributes]
 1899 |     v8::Handle<v8::Value> from
      |         ^~~~~~
../../nan/nan.h:1899:9: error: 'Handle' is not a member of 'v8'
../../nan/nan.h:1899:25: error: expected primary-expression before '>' token
 1899 |     v8::Handle<v8::Value> from
      |                         ^
../../nan/nan.h:1899:27: error: 'from' was not declared in this scope
 1899 |     v8::Handle<v8::Value> from
      |                           ^~~~
../../nan/nan.h:1900:12: error: expected primary-expression before '*' token
 1900 |   , size_t *datalen
      |            ^
../../nan/nan.h:1900:13: error: 'datalen' was not declared in this scope
 1900 |   , size_t *datalen
      |             ^~~~~~~
../../nan/nan.h:1901:5: error: expected primary-expression before 'char'
 1901 |   , char *buf = NULL
      |     ^~~~
../../nan/nan.h:1902:12: error: expected primary-expression before 'buflen'
 1902 |   , size_t buflen = 0
      |            ^~~~~~
../../nan/nan.h:1903:5: error: expected primary-expression before 'int'
 1903 |   , int flags = v8::String::NO_OPTIONS
      |     ^~~
../../nan/nan.h:1904:1: error: expression list treated as compound expression in initializer [-fpermissive]
 1904 | ) {
      | ^
../src/bufferutil.cc:24:30: error: 'v8::Handle' has not been declared
   24 |   static void Initialize(v8::Handle<v8::Object> target)
      |                              ^~~~~~
../src/bufferutil.cc:24:36: error: expected ',' or '...' before '<' token
   24 |   static void Initialize(v8::Handle<v8::Object> target)
      |                                    ^
../src/bufferutil.cc: In static member function 'static void BufferUtil::Initialize(int)':
../src/bufferutil.cc:29:52: error: call of overloaded 'NODE_SET_METHOD(v8::Local<v8::FunctionTemplate>&, const char [7], void (&)(const v8::FunctionCallbackInfo<v8::Value>&))' is ambiguous
   29 |     NODE_SET_METHOD(t, "unmask", BufferUtil::Unmask);
      |                                                    ^
In file included from ../src/bufferutil.cc:8:
/root/.cache/node-gyp/12.22.1/include/node/node.h:583:13: note: candidate: 'void node::NODE_SET_METHOD(v8::Local<v8::Template>, const char*, v8::FunctionCallback)'
  583 | inline void NODE_SET_METHOD(v8::Local<v8::Template> recv,
      |             ^~~~~~~~~~~~~~~
/root/.cache/node-gyp/12.22.1/include/node/node.h:597:13: note: candidate: 'void node::NODE_SET_METHOD(v8::Local<v8::Object>, const char*, v8::FunctionCallback)'
  597 | inline void NODE_SET_METHOD(v8::Local<v8::Object> recv,
      |             ^~~~~~~~~~~~~~~
../src/bufferutil.cc:30:48: error: call of overloaded 'NODE_SET_METHOD(v8::Local<v8::FunctionTemplate>&, const char [5], void (&)(const v8::FunctionCallbackInfo<v8::Value>&))' is ambiguous
   30 |     NODE_SET_METHOD(t, "mask", BufferUtil::Mask);
      |                                                ^
In file included from ../src/bufferutil.cc:8:
/root/.cache/node-gyp/12.22.1/include/node/node.h:583:13: note: candidate: 'void node::NODE_SET_METHOD(v8::Local<v8::Template>, const char*, v8::FunctionCallback)'
  583 | inline void NODE_SET_METHOD(v8::Local<v8::Template> recv,
      |             ^~~~~~~~~~~~~~~
/root/.cache/node-gyp/12.22.1/include/node/node.h:597:13: note: candidate: 'void node::NODE_SET_METHOD(v8::Local<v8::Object>, const char*, v8::FunctionCallback)'
  597 | inline void NODE_SET_METHOD(v8::Local<v8::Object> recv,
      |             ^~~~~~~~~~~~~~~
../src/bufferutil.cc:31:50: error: call of overloaded 'NODE_SET_METHOD(v8::Local<v8::FunctionTemplate>&, const char [6], void (&)(const v8::FunctionCallbackInfo<v8::Value>&))' is ambiguous
   31 |     NODE_SET_METHOD(t, "merge", BufferUtil::Merge);
      |                                                  ^
In file included from ../src/bufferutil.cc:8:
/root/.cache/node-gyp/12.22.1/include/node/node.h:583:13: note: candidate: 'void node::NODE_SET_METHOD(v8::Local<v8::Template>, const char*, v8::FunctionCallback)'
  583 | inline void NODE_SET_METHOD(v8::Local<v8::Template> recv,
      |             ^~~~~~~~~~~~~~~
/root/.cache/node-gyp/12.22.1/include/node/node.h:597:13: note: candidate: 'void node::NODE_SET_METHOD(v8::Local<v8::Object>, const char*, v8::FunctionCallback)'
  597 | inline void NODE_SET_METHOD(v8::Local<v8::Object> recv,
      |             ^~~~~~~~~~~~~~~
../src/bufferutil.cc:32:5: error: 'target' was not declared in this scope
   32 |     target->Set(NanSymbol("BufferUtil"), t->GetFunction());
      |     ^~~~~~
../src/bufferutil.cc:32:57: error: no matching function for call to 'v8::FunctionTemplate::GetFunction()'
   32 |     target->Set(NanSymbol("BufferUtil"), t->GetFunction());
      |                                                         ^
In file included from ../src/bufferutil.cc:7:
/root/.cache/node-gyp/12.22.1/include/node/v8.h:6126:46: note: candidate: 'v8::MaybeLocal<v8::Function> v8::FunctionTemplate::GetFunction(v8::Local<v8::Context>)'
 6126 |   V8_WARN_UNUSED_RESULT MaybeLocal<Function> GetFunction(
      |                                              ^~~~~~~~~~~
/root/.cache/node-gyp/12.22.1/include/node/v8.h:6126:46: note:   candidate expects 1 argument, 0 provided
../src/bufferutil.cc: In static member function 'static void BufferUtil::Merge(const v8::FunctionCallbackInfo<v8::Value>&)':
../src/bufferutil.cc:48:49: error: no matching function for call to 'v8::Value::ToObject()'
   48 |     Local<Object> bufferObj = args[0]->ToObject();
      |                                                 ^
In file included from ../src/bufferutil.cc:7:
/root/.cache/node-gyp/12.22.1/include/node/v8.h:2672:44: note: candidate: 'v8::MaybeLocal<v8::Object> v8::Value::ToObject(v8::Local<v8::Context>) const'
 2672 |   V8_WARN_UNUSED_RESULT MaybeLocal<Object> ToObject(
      |                                            ^~~~~~~~
/root/.cache/node-gyp/12.22.1/include/node/v8.h:2672:44: note:   candidate expects 1 argument, 0 provided
In file included from /root/.cache/node-gyp/12.22.1/include/node/v8-internal.h:14,
                 from /root/.cache/node-gyp/12.22.1/include/node/v8.h:27,
                 from ../src/bufferutil.cc:7:
/root/.cache/node-gyp/12.22.1/include/node/v8.h:2686:31: note: candidate: 'v8::Local<v8::Object> v8::Value::ToObject(v8::Isolate*) const'
 2686 |                 Local<Object> ToObject(Isolate* isolate) const);
      |                               ^~~~~~~~
/root/.cache/node-gyp/12.22.1/include/node/v8config.h:328:3: note: in definition of macro 'V8_DEPRECATED'
  328 |   declarator __attribute__((deprecated(message)))
      |   ^~~~~~~~~~
/root/.cache/node-gyp/12.22.1/include/node/v8.h:2686:31: note:   candidate expects 1 argument, 0 provided
 2686 |                 Local<Object> ToObject(Isolate* isolate) const);
      |                               ^~~~~~~~
/root/.cache/node-gyp/12.22.1/include/node/v8config.h:328:3: note: in definition of macro 'V8_DEPRECATED'
  328 |   declarator __attribute__((deprecated(message)))
      |   ^~~~~~~~~~
../src/bufferutil.cc:55:39: warning: 'v8::Local<v8::Value> v8::Object::Get(uint32_t)' is deprecated: Use maybe version [-Wdeprecated-declarations]
   55 |       Local<Object> src = array->Get(i)->ToObject();
      |                                       ^
In file included from /root/.cache/node-gyp/12.22.1/include/node/v8-internal.h:14,
                 from /root/.cache/node-gyp/12.22.1/include/node/v8.h:27,
                 from ../src/bufferutil.cc:7:
/root/.cache/node-gyp/12.22.1/include/node/v8.h:3557:51: note: declared here
 3557 |   V8_DEPRECATED("Use maybe version", Local<Value> Get(uint32_t index));
      |                                                   ^~~
/root/.cache/node-gyp/12.22.1/include/node/v8config.h:328:3: note: in definition of macro 'V8_DEPRECATED'
  328 |   declarator __attribute__((deprecated(message)))
      |   ^~~~~~~~~~
../src/bufferutil.cc:55:51: error: no matching function for call to 'v8::Value::ToObject()'
   55 |       Local<Object> src = array->Get(i)->ToObject();
      |                                                   ^
In file included from ../src/bufferutil.cc:7:
/root/.cache/node-gyp/12.22.1/include/node/v8.h:2672:44: note: candidate: 'v8::MaybeLocal<v8::Object> v8::Value::ToObject(v8::Local<v8::Context>) const'
 2672 |   V8_WARN_UNUSED_RESULT MaybeLocal<Object> ToObject(
      |                                            ^~~~~~~~
/root/.cache/node-gyp/12.22.1/include/node/v8.h:2672:44: note:   candidate expects 1 argument, 0 provided
In file included from /root/.cache/node-gyp/12.22.1/include/node/v8-internal.h:14,
                 from /root/.cache/node-gyp/12.22.1/include/node/v8.h:27,
                 from ../src/bufferutil.cc:7:
/root/.cache/node-gyp/12.22.1/include/node/v8.h:2686:31: note: candidate: 'v8::Local<v8::Object> v8::Value::ToObject(v8::Isolate*) const'
 2686 |                 Local<Object> ToObject(Isolate* isolate) const);
      |                               ^~~~~~~~
/root/.cache/node-gyp/12.22.1/include/node/v8config.h:328:3: note: in definition of macro 'V8_DEPRECATED'
  328 |   declarator __attribute__((deprecated(message)))
      |   ^~~~~~~~~~
/root/.cache/node-gyp/12.22.1/include/node/v8.h:2686:31: note:   candidate expects 1 argument, 0 provided
 2686 |                 Local<Object> ToObject(Isolate* isolate) const);
      |                               ^~~~~~~~
/root/.cache/node-gyp/12.22.1/include/node/v8config.h:328:3: note: in definition of macro 'V8_DEPRECATED'
  328 |   declarator __attribute__((deprecated(message)))
      |   ^~~~~~~~~~
../src/bufferutil.cc: In static member function 'static void BufferUtil::Unmask(const v8::FunctionCallbackInfo<v8::Value>&)':
../src/bufferutil.cc:66:50: error: no matching function for call to 'v8::Value::ToObject()'
   66 |     Local<Object> buffer_obj = args[0]->ToObject();
      |                                                  ^
In file included from ../src/bufferutil.cc:7:
/root/.cache/node-gyp/12.22.1/include/node/v8.h:2672:44: note: candidate: 'v8::MaybeLocal<v8::Object> v8::Value::ToObject(v8::Local<v8::Context>) const'
 2672 |   V8_WARN_UNUSED_RESULT MaybeLocal<Object> ToObject(
      |                                            ^~~~~~~~
/root/.cache/node-gyp/12.22.1/include/node/v8.h:2672:44: note:   candidate expects 1 argument, 0 provided
In file included from /root/.cache/node-gyp/12.22.1/include/node/v8-internal.h:14,
                 from /root/.cache/node-gyp/12.22.1/include/node/v8.h:27,
                 from ../src/bufferutil.cc:7:
/root/.cache/node-gyp/12.22.1/include/node/v8.h:2686:31: note: candidate: 'v8::Local<v8::Object> v8::Value::ToObject(v8::Isolate*) const'
 2686 |                 Local<Object> ToObject(Isolate* isolate) const);
      |                               ^~~~~~~~
/root/.cache/node-gyp/12.22.1/include/node/v8config.h:328:3: note: in definition of macro 'V8_DEPRECATED'
  328 |   declarator __attribute__((deprecated(message)))
      |   ^~~~~~~~~~
/root/.cache/node-gyp/12.22.1/include/node/v8.h:2686:31: note:   candidate expects 1 argument, 0 provided
 2686 |                 Local<Object> ToObject(Isolate* isolate) const);
      |                               ^~~~~~~~
/root/.cache/node-gyp/12.22.1/include/node/v8config.h:328:3: note: in definition of macro 'V8_DEPRECATED'
  328 |   declarator __attribute__((deprecated(message)))
      |   ^~~~~~~~~~
../src/bufferutil.cc:68:48: error: no matching function for call to 'v8::Value::ToObject()'
   68 |     Local<Object> mask_obj = args[1]->ToObject();
      |                                                ^
In file included from ../src/bufferutil.cc:7:
/root/.cache/node-gyp/12.22.1/include/node/v8.h:2672:44: note: candidate: 'v8::MaybeLocal<v8::Object> v8::Value::ToObject(v8::Local<v8::Context>) const'
 2672 |   V8_WARN_UNUSED_RESULT MaybeLocal<Object> ToObject(
      |                                            ^~~~~~~~
/root/.cache/node-gyp/12.22.1/include/node/v8.h:2672:44: note:   candidate expects 1 argument, 0 provided
In file included from /root/.cache/node-gyp/12.22.1/include/node/v8-internal.h:14,
                 from /root/.cache/node-gyp/12.22.1/include/node/v8.h:27,
                 from ../src/bufferutil.cc:7:
/root/.cache/node-gyp/12.22.1/include/node/v8.h:2686:31: note: candidate: 'v8::Local<v8::Object> v8::Value::ToObject(v8::Isolate*) const'
 2686 |                 Local<Object> ToObject(Isolate* isolate) const);
      |                               ^~~~~~~~
/root/.cache/node-gyp/12.22.1/include/node/v8config.h:328:3: note: in definition of macro 'V8_DEPRECATED'
  328 |   declarator __attribute__((deprecated(message)))
      |   ^~~~~~~~~~
/root/.cache/node-gyp/12.22.1/include/node/v8.h:2686:31: note:   candidate expects 1 argument, 0 provided
 2686 |                 Local<Object> ToObject(Isolate* isolate) const);
      |                               ^~~~~~~~
/root/.cache/node-gyp/12.22.1/include/node/v8config.h:328:3: note: in definition of macro 'V8_DEPRECATED'
  328 |   declarator __attribute__((deprecated(message)))
      |   ^~~~~~~~~~
../src/bufferutil.cc: In static member function 'static void BufferUtil::Mask(const v8::FunctionCallbackInfo<v8::Value>&)':
../src/bufferutil.cc:87:50: error: no matching function for call to 'v8::Value::ToObject()'
   87 |     Local<Object> buffer_obj = args[0]->ToObject();
      |                                                  ^
In file included from ../src/bufferutil.cc:7:
/root/.cache/node-gyp/12.22.1/include/node/v8.h:2672:44: note: candidate: 'v8::MaybeLocal<v8::Object> v8::Value::ToObject(v8::Local<v8::Context>) const'
 2672 |   V8_WARN_UNUSED_RESULT MaybeLocal<Object> ToObject(
      |                                            ^~~~~~~~
/root/.cache/node-gyp/12.22.1/include/node/v8.h:2672:44: note:   candidate expects 1 argument, 0 provided
In file included from /root/.cache/node-gyp/12.22.1/include/node/v8-internal.h:14,
                 from /root/.cache/node-gyp/12.22.1/include/node/v8.h:27,
                 from ../src/bufferutil.cc:7:
/root/.cache/node-gyp/12.22.1/include/node/v8.h:2686:31: note: candidate: 'v8::Local<v8::Object> v8::Value::ToObject(v8::Isolate*) const'
 2686 |                 Local<Object> ToObject(Isolate* isolate) const);
      |                               ^~~~~~~~
/root/.cache/node-gyp/12.22.1/include/node/v8config.h:328:3: note: in definition of macro 'V8_DEPRECATED'
  328 |   declarator __attribute__((deprecated(message)))
      |   ^~~~~~~~~~
/root/.cache/node-gyp/12.22.1/include/node/v8.h:2686:31: note:   candidate expects 1 argument, 0 provided
 2686 |                 Local<Object> ToObject(Isolate* isolate) const);
      |                               ^~~~~~~~
/root/.cache/node-gyp/12.22.1/include/node/v8config.h:328:3: note: in definition of macro 'V8_DEPRECATED'
  328 |   declarator __attribute__((deprecated(message)))
      |   ^~~~~~~~~~
../src/bufferutil.cc:88:48: error: no matching function for call to 'v8::Value::ToObject()'
   88 |     Local<Object> mask_obj = args[1]->ToObject();
      |                                                ^
In file included from ../src/bufferutil.cc:7:
/root/.cache/node-gyp/12.22.1/include/node/v8.h:2672:44: note: candidate: 'v8::MaybeLocal<v8::Object> v8::Value::ToObject(v8::Local<v8::Context>) const'
 2672 |   V8_WARN_UNUSED_RESULT MaybeLocal<Object> ToObject(
      |                                            ^~~~~~~~
/root/.cache/node-gyp/12.22.1/include/node/v8.h:2672:44: note:   candidate expects 1 argument, 0 provided
In file included from /root/.cache/node-gyp/12.22.1/include/node/v8-internal.h:14,
                 from /root/.cache/node-gyp/12.22.1/include/node/v8.h:27,
                 from ../src/bufferutil.cc:7:
/root/.cache/node-gyp/12.22.1/include/node/v8.h:2686:31: note: candidate: 'v8::Local<v8::Object> v8::Value::ToObject(v8::Isolate*) const'
 2686 |                 Local<Object> ToObject(Isolate* isolate) const);
      |                               ^~~~~~~~
/root/.cache/node-gyp/12.22.1/include/node/v8config.h:328:3: note: in definition of macro 'V8_DEPRECATED'
  328 |   declarator __attribute__((deprecated(message)))
      |   ^~~~~~~~~~
/root/.cache/node-gyp/12.22.1/include/node/v8.h:2686:31: note:   candidate expects 1 argument, 0 provided
 2686 |                 Local<Object> ToObject(Isolate* isolate) const);
      |                               ^~~~~~~~
/root/.cache/node-gyp/12.22.1/include/node/v8config.h:328:3: note: in definition of macro 'V8_DEPRECATED'
  328 |   declarator __attribute__((deprecated(message)))
      |   ^~~~~~~~~~
../src/bufferutil.cc:90:50: error: no matching function for call to 'v8::Value::ToObject()'
   90 |     Local<Object> output_obj = args[2]->ToObject();
      |                                                  ^
In file included from ../src/bufferutil.cc:7:
/root/.cache/node-gyp/12.22.1/include/node/v8.h:2672:44: note: candidate: 'v8::MaybeLocal<v8::Object> v8::Value::ToObject(v8::Local<v8::Context>) const'
 2672 |   V8_WARN_UNUSED_RESULT MaybeLocal<Object> ToObject(
      |                                            ^~~~~~~~
/root/.cache/node-gyp/12.22.1/include/node/v8.h:2672:44: note:   candidate expects 1 argument, 0 provided
In file included from /root/.cache/node-gyp/12.22.1/include/node/v8-internal.h:14,
                 from /root/.cache/node-gyp/12.22.1/include/node/v8.h:27,
                 from ../src/bufferutil.cc:7:
/root/.cache/node-gyp/12.22.1/include/node/v8.h:2686:31: note: candidate: 'v8::Local<v8::Object> v8::Value::ToObject(v8::Isolate*) const'
 2686 |                 Local<Object> ToObject(Isolate* isolate) const);
      |                               ^~~~~~~~
/root/.cache/node-gyp/12.22.1/include/node/v8config.h:328:3: note: in definition of macro 'V8_DEPRECATED'
  328 |   declarator __attribute__((deprecated(message)))
      |   ^~~~~~~~~~
/root/.cache/node-gyp/12.22.1/include/node/v8.h:2686:31: note:   candidate expects 1 argument, 0 provided
 2686 |                 Local<Object> ToObject(Isolate* isolate) const);
      |                               ^~~~~~~~
/root/.cache/node-gyp/12.22.1/include/node/v8config.h:328:3: note: in definition of macro 'V8_DEPRECATED'
  328 |   declarator __attribute__((deprecated(message)))
      |   ^~~~~~~~~~
../src/bufferutil.cc:91:51: error: no matching function for call to 'v8::Value::Int32Value()'
   91 |     unsigned int dataOffset = args[3]->Int32Value();
      |                                                   ^
In file included from ../src/bufferutil.cc:7:
/root/.cache/node-gyp/12.22.1/include/node/v8.h:2709:40: note: candidate: 'v8::Maybe<int> v8::Value::Int32Value(v8::Local<v8::Context>) const'
 2709 |   V8_WARN_UNUSED_RESULT Maybe<int32_t> Int32Value(Local<Context> context) const;
      |                                        ^~~~~~~~~~
/root/.cache/node-gyp/12.22.1/include/node/v8.h:2709:40: note:   candidate expects 1 argument, 0 provided
../src/bufferutil.cc:92:47: error: no matching function for call to 'v8::Value::Int32Value()'
   92 |     unsigned int length = args[4]->Int32Value();
      |                                               ^
In file included from ../src/bufferutil.cc:7:
/root/.cache/node-gyp/12.22.1/include/node/v8.h:2709:40: note: candidate: 'v8::Maybe<int> v8::Value::Int32Value(v8::Local<v8::Context>) const'
 2709 |   V8_WARN_UNUSED_RESULT Maybe<int32_t> Int32Value(Local<Context> context) const;
      |                                        ^~~~~~~~~~
/root/.cache/node-gyp/12.22.1/include/node/v8.h:2709:40: note:   candidate expects 1 argument, 0 provided
../src/bufferutil.cc: At global scope:
../src/bufferutil.cc:110:23: error: variable or field 'init' declared void
  110 | extern "C" void init (Handle<Object> target)
      |                       ^~~~~~
../src/bufferutil.cc:110:23: error: 'Handle' was not declared in this scope
../src/bufferutil.cc:110:36: error: expected primary-expression before '>' token
  110 | extern "C" void init (Handle<Object> target)
      |                                    ^
../src/bufferutil.cc:110:38: error: 'target' was not declared in this scope
  110 | extern "C" void init (Handle<Object> target)
      |                                      ^~~~~~
In file included from ../src/bufferutil.cc:8:
../src/bufferutil.cc:116:25: error: 'init' was not declared in this scope; did you mean 'int'?
  116 | NODE_MODULE(bufferutil, init)
      |                         ^~~~
/root/.cache/node-gyp/12.22.1/include/node/node.h:736:36: note: in definition of macro 'NODE_MODULE_X'
  736 |       (node::addon_register_func) (regfunc),                          \
      |                                    ^~~~~~~
../src/bufferutil.cc:116:1: note: in expansion of macro 'NODE_MODULE'
  116 | NODE_MODULE(bufferutil, init)
      | ^~~~~~~~~~~
In file included from ../src/bufferutil.cc:7:
/root/.cache/node-gyp/12.22.1/include/node/v8.h: In instantiation of 'void v8::PersistentBase<T>::SetWeak(P*, typename v8::WeakCallbackInfo<P>::Callback, v8::WeakCallbackType) [with P = node::ObjectWrap; T = v8::Object; typename v8::WeakCallbackInfo<P>::Callback = void (*)(const v8::WeakCallbackInfo<node::ObjectWrap>&)]':
/root/.cache/node-gyp/12.22.1/include/node/node_object_wrap.h:85:78:   required from here
/root/.cache/node-gyp/12.22.1/include/node/v8.h:10226:16: warning: cast between incompatible function types from 'v8::WeakCallbackInfo<node::ObjectWrap>::Callback' {aka 'void (*)(const v8::WeakCallbackInfo<node::ObjectWrap>&)'} to 'Callback' {aka 'void (*)(const v8::WeakCallbackInfo<void>&)'} [-Wcast-function-type]
10226 |                reinterpret_cast<Callback>(callback), type);
      |                ^~~~~~~~~~~~~~~~~~~~~~~~~~~~~~~~~~~~
In file included from ../src/bufferutil.cc:15:
../../nan/nan.h:1714:13: warning: '_NanGetExternalParts' defined but not used [-Wunused-variable]
 1714 | static bool _NanGetExternalParts(
      |             ^~~~~~~~~~~~~~~~~~~~
make: *** [bufferutil.target.mk:109: Release/obj.target/bufferutil/src/bufferutil.o] Error 1
gyp ERR! build error 
gyp ERR! stack Error: `make` failed with exit code: 2
gyp ERR! stack     at ChildProcess.onExit (/usr/lib/node_modules/npm/node_modules/node-gyp/lib/build.js:194:23)
gyp ERR! stack     at ChildProcess.emit (events.js:314:20)
gyp ERR! stack     at Process.ChildProcess._handle.onexit (internal/child_process.js:276:12)
gyp ERR! System Linux 4.14.229
gyp ERR! command "/usr/bin/node" "/usr/lib/node_modules/npm/node_modules/node-gyp/bin/node-gyp.js" "rebuild"
gyp ERR! cwd /config/portainer/node_modules/socket.io-client/node_modules/ws
gyp ERR! node -v v12.22.1
gyp ERR! node-gyp -v v5.1.0
gyp ERR! not ok 
